<?xml version="1.0" encoding="UTF-8" ?>
<testsuites name="vitest tests" tests="61" failures="0" errors="0" time="0.0796029">
    <testsuite name="tests/chat-actions.test.js" timestamp="2026-03-24T22:19:20.774Z" hostname="Kahana-PC" tests="61" failures="0" errors="0" skipped="0" time="0.0796029">
        <testcase classname="tests/chat-actions.test.js" name="showChatContextMenu() &gt; does nothing gracefully when elements.chatContextMenu is null" time="0.0033602">
        </testcase>
        <testcase classname="tests/chat-actions.test.js" name="showChatContextMenu() &gt; sets style.left and style.top and makes the menu visible" time="0.0036712">
        </testcase>
        <testcase classname="tests/chat-actions.test.js" name="showChatContextMenu() &gt; adjusts position if menu overflows the right edge of the viewport" time="0.0013088">
        </testcase>
        <testcase classname="tests/chat-actions.test.js" name="hideChatContextMenu() &gt; does nothing gracefully when elements.chatContextMenu is null" time="0.0004274">
        </testcase>
        <testcase classname="tests/chat-actions.test.js" name="hideChatContextMenu() &gt; sets display to none" time="0.0005566">
        </testcase>
        <testcase classname="tests/chat-actions.test.js" name="handleChatClick() &gt; does nothing when chat is falsy" time="0.0005235">
        </testcase>
        <testcase classname="tests/chat-actions.test.js" name="handleChatClick() &gt; does nothing when chat.id is absent" time="0.0003408">
        </testcase>
        <testcase classname="tests/chat-actions.test.js" name="handleChatClick() &gt; calls browser.tabs.create with the reader URL for a valid chat" time="0.0017319">
        </testcase>
        <testcase classname="tests/chat-actions.test.js" name="handleChatContextMenu() &gt; calls event.preventDefault()" time="0.0009961">
        </testcase>
        <testcase classname="tests/chat-actions.test.js" name="handleChatContextMenu() &gt; sets contextMenuChat on state to the given chat" time="0.0009833">
        </testcase>
        <testcase classname="tests/chat-actions.test.js" name="handleChatContextMenu() &gt; renders review date &quot;Set review date&quot; when chat has no reviewDate and is not stale" time="0.0012996">
        </testcase>
        <testcase classname="tests/chat-actions.test.js" name="handleChatContextMenu() &gt; renders review date label when chat has a reviewDate" time="0.00094">
        </testcase>
        <testcase classname="tests/chat-actions.test.js" name="handleChatContextMenu() &gt; renders stale warning when chat.flaggedAsStale with no reviewDate" time="0.0007896">
        </testcase>
        <testcase classname="tests/chat-actions.test.js" name="handleChatContextMenu() &gt; renders stale warning with reviewDate when flaggedAsStale" time="0.0006486">
        </testcase>
        <testcase classname="tests/chat-actions.test.js" name="updateChatRatingWidget() &gt; does nothing when no #chatRatingWidget element exists" time="0.0003724">
        </testcase>
        <testcase classname="tests/chat-actions.test.js" name="updateChatRatingWidget() &gt; marks stars up to the rating as active" time="0.0027168">
        </testcase>
        <testcase classname="tests/chat-actions.test.js" name="updateChatRatingWidget() &gt; sets aria-pressed correctly on each star button" time="0.0008805">
        </testcase>
        <testcase classname="tests/chat-actions.test.js" name="updateChatRatingWidget() &gt; clears all active stars when rating is 0" time="0.0007386">
        </testcase>
        <testcase classname="tests/chat-actions.test.js" name="setupChatContextMenuActions() &gt; does nothing when elements.chatContextMenu is null" time="0.0004143">
        </testcase>
        <testcase classname="tests/chat-actions.test.js" name="setupChatContextMenuActions() &gt; wires click handlers to [data-chat-action] items" time="0.0017629">
        </testcase>
        <testcase classname="tests/chat-actions.test.js" name="setupChatContextMenuActions() &gt; logs a warning when no chat is selected for an action" time="0.0026396">
        </testcase>
        <testcase classname="tests/chat-actions.test.js" name="handleRateChatAction() &gt; does nothing when contextMenuChat is null" time="0.0010374">
        </testcase>
        <testcase classname="tests/chat-actions.test.js" name="handleRateChatAction() &gt; sets rating when chat does not already have that rating" time="0.0010485">
        </testcase>
        <testcase classname="tests/chat-actions.test.js" name="handleRateChatAction() &gt; clears rating (sets to null) when the same value is clicked again" time="0.0012599">
        </testcase>
        <testcase classname="tests/chat-actions.test.js" name="handleRateChatAction() &gt; calls renderer.setChatData with the returned chats" time="0.0007522">
        </testcase>
        <testcase classname="tests/chat-actions.test.js" name="handleChatSaved() &gt; resets save button to default when user cancels from the assign dialog" time="0.0008648">
        </testcase>
        <testcase classname="tests/chat-actions.test.js" name="handleChatSaved() &gt; adds the chat to state.chats before showing dialog" time="0.0004151">
        </testcase>
        <testcase classname="tests/chat-actions.test.js" name="handleChatSaved() &gt; updates the chat and saves tree when dialog returns a result" time="0.000616">
        </testcase>
        <testcase classname="tests/chat-actions.test.js" name="handleChatSaved() &gt; replaces stale duplicate chat in state.chats" time="0.0004356">
        </testcase>
        <testcase classname="tests/chat-actions.test.js" name="private chat-action handlers via setupChatContextMenuActions &gt; rename: calls showRenameChat for the context chat" time="0.0010682">
        </testcase>
        <testcase classname="tests/chat-actions.test.js" name="private chat-action handlers via setupChatContextMenuActions &gt; rename: updates chat when dialog returns a result" time="0.0009021">
        </testcase>
        <testcase classname="tests/chat-actions.test.js" name="private chat-action handlers via setupChatContextMenuActions &gt; edit-tags: calls showEditTags" time="0.0009763">
        </testcase>
        <testcase classname="tests/chat-actions.test.js" name="private chat-action handlers via setupChatContextMenuActions &gt; edit-tags: updates tags when dialog returns result" time="0.0009929">
        </testcase>
        <testcase classname="tests/chat-actions.test.js" name="private chat-action handlers via setupChatContextMenuActions &gt; move: calls showMoveChat" time="0.0010281">
        </testcase>
        <testcase classname="tests/chat-actions.test.js" name="private chat-action handlers via setupChatContextMenuActions &gt; move: moves chat and calls saveTree when dialog returns result" time="0.0009713">
        </testcase>
        <testcase classname="tests/chat-actions.test.js" name="private chat-action handlers via setupChatContextMenuActions &gt; set-review-date: calls showSetReviewDate" time="0.0008186">
        </testcase>
        <testcase classname="tests/chat-actions.test.js" name="private chat-action handlers via setupChatContextMenuActions &gt; set-review-date: updates reviewDate when dialog returns result" time="0.0008388">
        </testcase>
        <testcase classname="tests/chat-actions.test.js" name="private chat-action handlers via setupChatContextMenuActions &gt; export: calls showExportChat" time="0.0009704">
        </testcase>
        <testcase classname="tests/chat-actions.test.js" name="private chat-action handlers via setupChatContextMenuActions &gt; export: calls dialog.alert when showExportChat throws" time="0.0097128">
            <system-err>
[bAInder] [ERROR] Export chat failed: Error: Boom
    at C:/Repos/Personal/bAInder/tests/chat-actions.test.js:632:67
    at [90mfile:///C:/Repos/Personal/bAInder/[39mnode_modules/[4m@vitest/runner[24m/dist/index.js:145:11
    at [90mfile:///C:/Repos/Personal/bAInder/[39mnode_modules/[4m@vitest/runner[24m/dist/index.js:915:26
    at [90mfile:///C:/Repos/Personal/bAInder/[39mnode_modules/[4m@vitest/runner[24m/dist/index.js:1243:20
    at new Promise (&lt;anonymous&gt;)
    at runWithTimeout [90m(file:///C:/Repos/Personal/bAInder/[39mnode_modules/[4m@vitest/runner[24m/dist/index.js:1209:10[90m)[39m
    at [90mfile:///C:/Repos/Personal/bAInder/[39mnode_modules/[4m@vitest/runner[24m/dist/index.js:1653:37
    at Traces.$ [90m(file:///C:/Repos/Personal/bAInder/[39mnode_modules/[4mvitest[24m/dist/chunks/traces.CCmnQaNT.js:142:27[90m)[39m
    at trace [90m(file:///C:/Repos/Personal/bAInder/[39mnode_modules/[4mvitest[24m/dist/chunks/test.B8ej_ZHS.js:239:21[90m)[39m
    at runTest [90m(file:///C:/Repos/Personal/bAInder/[39mnode_modules/[4m@vitest/runner[24m/dist/index.js:1653:12[90m)[39m

            </system-err>
        </testcase>
        <testcase classname="tests/chat-actions.test.js" name="private chat-action handlers via setupChatContextMenuActions &gt; delete: removes chat from state immediately (optimistic UI)" time="0.00182">
        </testcase>
        <testcase classname="tests/chat-actions.test.js" name="private chat-action handlers via setupChatContextMenuActions &gt; delete: calls saveTree and removeChat after deferred timer when chat has a topicId" time="0.0012286">
        </testcase>
        <testcase classname="tests/chat-actions.test.js" name="private chat-action handlers via setupChatContextMenuActions &gt; delete: undo button restores the chat to state (no topic)" time="0.0019082">
        </testcase>
        <testcase classname="tests/chat-actions.test.js" name="private chat-action handlers via setupChatContextMenuActions &gt; delete: undo button restores a chat that belonged to a topic (covers topic.chatIds.push)" time="0.0023387">
        </testcase>
        <testcase classname="tests/chat-actions.test.js" name="private chat-action handlers via setupChatContextMenuActions &gt; copy: copies chat to clipboard successfully" time="0.0053676">
        </testcase>
        <testcase classname="tests/chat-actions.test.js" name="private chat-action handlers via setupChatContextMenuActions &gt; copy: shows error notification when clipboard result is not ok" time="0.0014056">
        </testcase>
        <testcase classname="tests/chat-actions.test.js" name="private chat-action handlers via setupChatContextMenuActions &gt; copy: shows tooLarge notification when result.tooLarge is true" time="0.0010215">
        </testcase>
        <testcase classname="tests/chat-actions.test.js" name="private chat-action handlers via setupChatContextMenuActions &gt; copy: shows error when chatRepo.loadFullByIds returns empty" time="0.0007788">
        </testcase>
        <testcase classname="tests/chat-actions.test.js" name="private chat-action handlers via setupChatContextMenuActions &gt; copy: shows error when chatRepo.loadFullByIds rejects" time="0.0011518">
            <system-err>
[bAInder] [WARN] Copy: failed to load chat content Error: load fail
    at C:/Repos/Personal/bAInder/tests/chat-actions.test.js:763:59
    at [90mfile:///C:/Repos/Personal/bAInder/[39mnode_modules/[4m@vitest/runner[24m/dist/index.js:145:11
    at [90mfile:///C:/Repos/Personal/bAInder/[39mnode_modules/[4m@vitest/runner[24m/dist/index.js:915:26
    at [90mfile:///C:/Repos/Personal/bAInder/[39mnode_modules/[4m@vitest/runner[24m/dist/index.js:1243:20
    at new Promise (&lt;anonymous&gt;)
    at runWithTimeout [90m(file:///C:/Repos/Personal/bAInder/[39mnode_modules/[4m@vitest/runner[24m/dist/index.js:1209:10[90m)[39m
    at [90mfile:///C:/Repos/Personal/bAInder/[39mnode_modules/[4m@vitest/runner[24m/dist/index.js:1653:37
    at Traces.$ [90m(file:///C:/Repos/Personal/bAInder/[39mnode_modules/[4mvitest[24m/dist/chunks/traces.CCmnQaNT.js:142:27[90m)[39m
    at trace [90m(file:///C:/Repos/Personal/bAInder/[39mnode_modules/[4mvitest[24m/dist/chunks/test.B8ej_ZHS.js:239:21[90m)[39m
    at runTest [90m(file:///C:/Repos/Personal/bAInder/[39mnode_modules/[4m@vitest/runner[24m/dist/index.js:1653:12[90m)[39m

            </system-err>
        </testcase>
        <testcase classname="tests/chat-actions.test.js" name="private chat-action handlers via setupChatContextMenuActions &gt; unknown action: does not throw and logs a warning" time="0.0007117">
        </testcase>
        <testcase classname="tests/chat-actions.test.js" name="handleChatSaved() — Feature d: duplicate title overwrite &gt; shows confirm dialog when a different chat shares the same title" time="0.0006228">
        </testcase>
        <testcase classname="tests/chat-actions.test.js" name="handleChatSaved() — Feature d: duplicate title overwrite &gt; resets save button to default when overwrite is declined" time="0.0006031">
        </testcase>
        <testcase classname="tests/chat-actions.test.js" name="handleChatSaved() — Feature d: duplicate title overwrite &gt; removes duplicate and saves tree when overwrite is confirmed" time="0.0005239">
        </testcase>
        <testcase classname="tests/chat-actions.test.js" name="handleChatSaved() — Feature d: duplicate title overwrite &gt; matches title case-insensitively" time="0.0003667">
        </testcase>
        <testcase classname="tests/chat-actions.test.js" name="handleChatSaved() — Feature d: duplicate title overwrite &gt; does not show confirm dialog when chatEntry.id matches the found title" time="0.0003787">
        </testcase>
        <testcase classname="tests/chat-actions.test.js" name="handleChatSaved() — Feature d: duplicate title overwrite &gt; places overwritten chat in the duplicate&apos;s original topic (nested topic fix)" time="0.0005616">
        </testcase>
        <testcase classname="tests/chat-actions.test.js" name="handleChatSaved() — Feature d: duplicate title overwrite &gt; does not call moveChatToTopic when duplicate has no topicId" time="0.0005192">
        </testcase>
        <testcase classname="tests/chat-actions.test.js" name="handleChatSaved() — Feature c: auto-export &gt; does not call triggerAutoExport when autoExportEnabled is false" time="0.0004863">
        </testcase>
        <testcase classname="tests/chat-actions.test.js" name="handleChatSaved() — Feature c: auto-export &gt; increments chatsSinceLastAutoExport when threshold not reached" time="0.0007677">
        </testcase>
        <testcase classname="tests/chat-actions.test.js" name="handleChatSaved() — Feature c: auto-export &gt; calls triggerAutoExport and resets counter when threshold is reached" time="0.0011619">
        </testcase>
        <testcase classname="tests/chat-actions.test.js" name="handleChatSaved() — Feature c: auto-export &gt; uses default threshold of 10 when autoExportThreshold is absent" time="0.0006193">
        </testcase>
        <testcase classname="tests/chat-actions.test.js" name="handleChatSaved() — Feature c: auto-export &gt; does not throw when browser.storage.local.get rejects" time="0.0010723">
            <system-err>
[bAInder] [WARN] Auto-export check failed: Error: storage error
    at C:/Repos/Personal/bAInder/tests/chat-actions.test.js:952:64
    at [90mfile:///C:/Repos/Personal/bAInder/[39mnode_modules/[4m@vitest/runner[24m/dist/index.js:915:20

            </system-err>
        </testcase>
    </testsuite>
</testsuites>
