<?xml version="1.0" encoding="UTF-8" ?>
<testsuites name="vitest tests" tests="3400" failures="0" errors="0" time="27.2967761">
    <testsuite name="tests/annotations.test.js" timestamp="2026-03-17T19:02:05.787Z" hostname="Kahana-PC" tests="40" failures="0" errors="0" skipped="0" time="0.0914833">
        <testcase classname="tests/annotations.test.js" name="ANNOTATION_COLORS &gt; is a non-empty array of strings" time="0.0036646">
        </testcase>
        <testcase classname="tests/annotations.test.js" name="saveAnnotation &gt; saves the first annotation and returns a list with one item" time="0.0044795">
        </testcase>
        <testcase classname="tests/annotations.test.js" name="saveAnnotation &gt; appends to an existing list" time="0.0007938">
        </testcase>
        <testcase classname="tests/annotations.test.js" name="saveAnnotation &gt; calls storage.set with the updated list" time="0.0010482">
        </testcase>
        <testcase classname="tests/annotations.test.js" name="loadAnnotations &gt; returns empty array when nothing is stored" time="0.0017766">
        </testcase>
        <testcase classname="tests/annotations.test.js" name="loadAnnotations &gt; returns stored annotations" time="0.0005099">
        </testcase>
        <testcase classname="tests/annotations.test.js" name="deleteAnnotation &gt; removes the annotation with the matching id" time="0.0007886">
        </testcase>
        <testcase classname="tests/annotations.test.js" name="deleteAnnotation &gt; returns empty array when all annotations deleted" time="0.0031006">
        </testcase>
        <testcase classname="tests/annotations.test.js" name="deleteAnnotation &gt; returns unchanged list when id not found" time="0.0007128">
        </testcase>
        <testcase classname="tests/annotations.test.js" name="deleteAnnotation &gt; returns empty list when no annotations exist" time="0.0005754">
        </testcase>
        <testcase classname="tests/annotations.test.js" name="getCharOffset &gt; returns 0 for the first char of the first text node" time="0.0034698">
        </testcase>
        <testcase classname="tests/annotations.test.js" name="getCharOffset &gt; returns the correct offset within a single text node" time="0.0006883">
        </testcase>
        <testcase classname="tests/annotations.test.js" name="getCharOffset &gt; returns cumulative offset across multiple text nodes" time="0.0011135">
        </testcase>
        <testcase classname="tests/annotations.test.js" name="getCharOffset &gt; returns fallback offset when node not found (total text length + offset)" time="0.0005775">
        </testcase>
        <testcase classname="tests/annotations.test.js" name="resolveCharOffset &gt; returns null for empty container" time="0.0006124">
        </testcase>
        <testcase classname="tests/annotations.test.js" name="resolveCharOffset &gt; resolves offset 0 to start of first text node" time="0.0006117">
        </testcase>
        <testcase classname="tests/annotations.test.js" name="resolveCharOffset &gt; resolves offset to correct node and offset within text" time="0.0005594">
        </testcase>
        <testcase classname="tests/annotations.test.js" name="resolveCharOffset &gt; resolves offset spanning two text nodes" time="0.0006657">
        </testcase>
        <testcase classname="tests/annotations.test.js" name="resolveCharOffset &gt; resolves to end of last text node" time="0.0004446">
        </testcase>
        <testcase classname="tests/annotations.test.js" name="serializeRange &gt; returns null when range is outside container" time="0.0011248">
        </testcase>
        <testcase classname="tests/annotations.test.js" name="serializeRange &gt; returns null when start &gt;= end" time="0.0014212">
        </testcase>
        <testcase classname="tests/annotations.test.js" name="serializeRange &gt; serializes a valid range" time="0.0009999">
        </testcase>
        <testcase classname="tests/annotations.test.js" name="highlightRange &gt; wraps a valid range with a &lt;mark&gt; element" time="0.0139504">
        </testcase>
        <testcase classname="tests/annotations.test.js" name="highlightRange &gt; sets title when note is provided" time="0.0015083">
        </testcase>
        <testcase classname="tests/annotations.test.js" name="highlightRange &gt; uses default color when no color provided" time="0.0011984">
        </testcase>
        <testcase classname="tests/annotations.test.js" name="highlightRange &gt; skips when startPos not resolved" time="0.0111747">
        </testcase>
        <testcase classname="tests/annotations.test.js" name="highlightRange &gt; skips when endPos not resolved" time="0.0011999">
        </testcase>
        <testcase classname="tests/annotations.test.js" name="highlightRange &gt; highlights a selection that spans across different element boundaries" time="0.011161">
        </testcase>
        <testcase classname="tests/annotations.test.js" name="highlightRange &gt; highlights across deeply nested markdown elements" time="0.0042457">
        </testcase>
        <testcase classname="tests/annotations.test.js" name="applyAnnotations &gt; applies multiple annotations from last to first" time="0.0034003">
        </testcase>
        <testcase classname="tests/annotations.test.js" name="applyAnnotations &gt; handles empty annotations array" time="0.0009269">
        </testcase>
        <testcase classname="tests/annotations.test.js" name="applyAnnotations &gt; does not mutate the original array" time="0.0023814">
        </testcase>
        <testcase classname="tests/annotations.test.js" name="parseBacklinks &gt; returns empty array for falsy input" time="0.0013384">
        </testcase>
        <testcase classname="tests/annotations.test.js" name="parseBacklinks &gt; returns empty array for non-string input" time="0.0005272">
        </testcase>
        <testcase classname="tests/annotations.test.js" name="parseBacklinks &gt; returns empty array when no [[...]] found" time="0.0005754">
        </testcase>
        <testcase classname="tests/annotations.test.js" name="parseBacklinks &gt; extracts a single backlink" time="0.0007638">
        </testcase>
        <testcase classname="tests/annotations.test.js" name="parseBacklinks &gt; extracts multiple backlinks" time="0.0004849">
        </testcase>
        <testcase classname="tests/annotations.test.js" name="parseBacklinks &gt; trims whitespace inside backlinks" time="0.0004056">
        </testcase>
        <testcase classname="tests/annotations.test.js" name="parseBacklinks &gt; ignores empty backlinks" time="0.0004027">
        </testcase>
        <testcase classname="tests/annotations.test.js" name="parseBacklinks &gt; handles complex titles with spaces and slashes" time="0.0004498">
        </testcase>
    </testsuite>
    <testsuite name="tests/artifact-preview.test.js" timestamp="2026-03-17T19:02:05.834Z" hostname="Kahana-PC" tests="11" failures="0" errors="0" skipped="0" time="0.2159967">
        <testcase classname="tests/artifact-preview.test.js" name="showArtifactPreview() &gt; sets iframe srcdoc to entity.source (HTML)" time="0.03358">
        </testcase>
        <testcase classname="tests/artifact-preview.test.js" name="showArtifactPreview() &gt; wraps SVG source in an HTML body" time="0.0186306">
        </testcase>
        <testcase classname="tests/artifact-preview.test.js" name="showArtifactPreview() &gt; wraps plain text source in &lt;pre&gt;" time="0.0184841">
        </testcase>
        <testcase classname="tests/artifact-preview.test.js" name="showArtifactPreview() &gt; removes hidden attribute on show" time="0.012784">
        </testcase>
        <testcase classname="tests/artifact-preview.test.js" name="showArtifactPreview() &gt; updates the panel title from entity.title" time="0.0125422">
        </testcase>
        <testcase classname="tests/artifact-preview.test.js" name="showArtifactPreview() &gt; uses fallback title when entity.title is empty" time="0.0121263">
        </testcase>
        <testcase classname="tests/artifact-preview.test.js" name="showArtifactPreview() &gt; Copy button calls clipboard.writeText with entity.source" time="0.020783">
        </testcase>
        <testcase classname="tests/artifact-preview.test.js" name="showArtifactPreview() &gt; Download button creates a blob download link" time="0.0174618">
        </testcase>
        <testcase classname="tests/artifact-preview.test.js" name="hideArtifactPreview() &gt; adds hidden attribute" time="0.0252943">
        </testcase>
        <testcase classname="tests/artifact-preview.test.js" name="hideArtifactPreview() &gt; clears iframe srcdoc" time="0.0182751">
        </testcase>
        <testcase classname="tests/artifact-preview.test.js" name="close button wiring &gt; clicking the close button hides the panel" time="0.0216425">
        </testcase>
    </testsuite>
    <testsuite name="tests/artifact-screenshot.test.js" timestamp="2026-03-17T19:02:05.854Z" hostname="Kahana-PC" tests="9" failures="0" errors="0" skipped="0" time="0.095639">
        <testcase classname="tests/artifact-screenshot.test.js" name="captureArtifactScreenshot() — guard clauses &gt; resolves to null for null source" time="0.0034484">
        </testcase>
        <testcase classname="tests/artifact-screenshot.test.js" name="captureArtifactScreenshot() — guard clauses &gt; resolves to null for empty string source" time="0.0004302">
        </testcase>
        <testcase classname="tests/artifact-screenshot.test.js" name="captureArtifactScreenshot() — guard clauses &gt; resolves to null for whitespace-only source" time="0.0002521">
        </testcase>
        <testcase classname="tests/artifact-screenshot.test.js" name="captureArtifactScreenshot() — iframe attributes &gt; creates iframe with sandbox=&quot;allow-scripts&quot;" time="0.0367179">
        </testcase>
        <testcase classname="tests/artifact-screenshot.test.js" name="captureArtifactScreenshot() — iframe attributes &gt; sets srcdoc to entity source for text/html mimeType" time="0.008511">
        </testcase>
        <testcase classname="tests/artifact-screenshot.test.js" name="captureArtifactScreenshot() — iframe attributes &gt; wraps SVG source in HTML body" time="0.0154919">
        </testcase>
        <testcase classname="tests/artifact-screenshot.test.js" name="captureArtifactScreenshot() — iframe attributes &gt; wraps plain text in &lt;pre&gt; block" time="0.0104404">
        </testcase>
        <testcase classname="tests/artifact-screenshot.test.js" name="captureArtifactScreenshot() — error resilience &gt; resolves to null when iframe fires error event" time="0.0064553">
        </testcase>
        <testcase classname="tests/artifact-screenshot.test.js" name="captureArtifactScreenshot() — error resilience &gt; resolves to null when canvas.toDataURL throws (tainted canvas)" time="0.0093802">
        </testcase>
    </testsuite>
    <testsuite name="tests/chat-actions.test.js" timestamp="2026-03-17T19:02:05.869Z" hostname="Kahana-PC" tests="49" failures="0" errors="0" skipped="0" time="0.2398734">
        <testcase classname="tests/chat-actions.test.js" name="showChatContextMenu() &gt; does nothing gracefully when elements.chatContextMenu is null" time="0.0137562">
        </testcase>
        <testcase classname="tests/chat-actions.test.js" name="showChatContextMenu() &gt; sets style.left and style.top and makes the menu visible" time="0.0124264">
        </testcase>
        <testcase classname="tests/chat-actions.test.js" name="showChatContextMenu() &gt; adjusts position if menu overflows the right edge of the viewport" time="0.0031341">
        </testcase>
        <testcase classname="tests/chat-actions.test.js" name="hideChatContextMenu() &gt; does nothing gracefully when elements.chatContextMenu is null" time="0.0011918">
        </testcase>
        <testcase classname="tests/chat-actions.test.js" name="hideChatContextMenu() &gt; sets display to none" time="0.0017722">
        </testcase>
        <testcase classname="tests/chat-actions.test.js" name="handleChatClick() &gt; does nothing when chat is falsy" time="0.003276">
        </testcase>
        <testcase classname="tests/chat-actions.test.js" name="handleChatClick() &gt; does nothing when chat.id is absent" time="0.0014457">
        </testcase>
        <testcase classname="tests/chat-actions.test.js" name="handleChatClick() &gt; calls browser.tabs.create with the reader URL for a valid chat" time="0.0106982">
        </testcase>
        <testcase classname="tests/chat-actions.test.js" name="handleChatContextMenu() &gt; calls event.preventDefault()" time="0.0039495">
        </testcase>
        <testcase classname="tests/chat-actions.test.js" name="handleChatContextMenu() &gt; sets contextMenuChat on state to the given chat" time="0.0041263">
        </testcase>
        <testcase classname="tests/chat-actions.test.js" name="handleChatContextMenu() &gt; renders review date &quot;Set review date&quot; when chat has no reviewDate and is not stale" time="0.0047508">
        </testcase>
        <testcase classname="tests/chat-actions.test.js" name="handleChatContextMenu() &gt; renders review date label when chat has a reviewDate" time="0.0043296">
        </testcase>
        <testcase classname="tests/chat-actions.test.js" name="handleChatContextMenu() &gt; renders stale warning when chat.flaggedAsStale with no reviewDate" time="0.0024614">
        </testcase>
        <testcase classname="tests/chat-actions.test.js" name="handleChatContextMenu() &gt; renders stale warning with reviewDate when flaggedAsStale" time="0.0025891">
        </testcase>
        <testcase classname="tests/chat-actions.test.js" name="updateChatRatingWidget() &gt; does nothing when no #chatRatingWidget element exists" time="0.0011504">
        </testcase>
        <testcase classname="tests/chat-actions.test.js" name="updateChatRatingWidget() &gt; marks stars up to the rating as active" time="0.0099051">
        </testcase>
        <testcase classname="tests/chat-actions.test.js" name="updateChatRatingWidget() &gt; sets aria-pressed correctly on each star button" time="0.002675">
        </testcase>
        <testcase classname="tests/chat-actions.test.js" name="updateChatRatingWidget() &gt; clears all active stars when rating is 0" time="0.0038777">
        </testcase>
        <testcase classname="tests/chat-actions.test.js" name="setupChatContextMenuActions() &gt; does nothing when elements.chatContextMenu is null" time="0.0019231">
        </testcase>
        <testcase classname="tests/chat-actions.test.js" name="setupChatContextMenuActions() &gt; wires click handlers to [data-chat-action] items" time="0.0100663">
        </testcase>
        <testcase classname="tests/chat-actions.test.js" name="setupChatContextMenuActions() &gt; logs a warning when no chat is selected for an action" time="0.0053996">
        </testcase>
        <testcase classname="tests/chat-actions.test.js" name="handleRateChatAction() &gt; does nothing when contextMenuChat is null" time="0.0043062">
        </testcase>
        <testcase classname="tests/chat-actions.test.js" name="handleRateChatAction() &gt; sets rating when chat does not already have that rating" time="0.0046766">
        </testcase>
        <testcase classname="tests/chat-actions.test.js" name="handleRateChatAction() &gt; clears rating (sets to null) when the same value is clicked again" time="0.0024835">
        </testcase>
        <testcase classname="tests/chat-actions.test.js" name="handleRateChatAction() &gt; calls renderer.setChatData with the returned chats" time="0.0018863">
        </testcase>
        <testcase classname="tests/chat-actions.test.js" name="handleChatSaved() &gt; resets save button to default when user cancels from the assign dialog" time="0.002279">
        </testcase>
        <testcase classname="tests/chat-actions.test.js" name="handleChatSaved() &gt; adds the chat to state.chats before showing dialog" time="0.0018109">
        </testcase>
        <testcase classname="tests/chat-actions.test.js" name="handleChatSaved() &gt; updates the chat and saves tree when dialog returns a result" time="0.0025841">
        </testcase>
        <testcase classname="tests/chat-actions.test.js" name="handleChatSaved() &gt; replaces stale duplicate chat in state.chats" time="0.0020056">
        </testcase>
        <testcase classname="tests/chat-actions.test.js" name="private chat-action handlers via setupChatContextMenuActions &gt; rename: calls showRenameChat for the context chat" time="0.0040556">
        </testcase>
        <testcase classname="tests/chat-actions.test.js" name="private chat-action handlers via setupChatContextMenuActions &gt; rename: updates chat when dialog returns a result" time="0.0032967">
        </testcase>
        <testcase classname="tests/chat-actions.test.js" name="private chat-action handlers via setupChatContextMenuActions &gt; edit-tags: calls showEditTags" time="0.0038085">
        </testcase>
        <testcase classname="tests/chat-actions.test.js" name="private chat-action handlers via setupChatContextMenuActions &gt; edit-tags: updates tags when dialog returns result" time="0.00378">
        </testcase>
        <testcase classname="tests/chat-actions.test.js" name="private chat-action handlers via setupChatContextMenuActions &gt; move: calls showMoveChat" time="0.0040377">
        </testcase>
        <testcase classname="tests/chat-actions.test.js" name="private chat-action handlers via setupChatContextMenuActions &gt; move: moves chat and calls saveTree when dialog returns result" time="0.0036772">
        </testcase>
        <testcase classname="tests/chat-actions.test.js" name="private chat-action handlers via setupChatContextMenuActions &gt; set-review-date: calls showSetReviewDate" time="0.0031598">
        </testcase>
        <testcase classname="tests/chat-actions.test.js" name="private chat-action handlers via setupChatContextMenuActions &gt; set-review-date: updates reviewDate when dialog returns result" time="0.0036824">
        </testcase>
        <testcase classname="tests/chat-actions.test.js" name="private chat-action handlers via setupChatContextMenuActions &gt; export: calls showExportChat" time="0.0037767">
        </testcase>
        <testcase classname="tests/chat-actions.test.js" name="private chat-action handlers via setupChatContextMenuActions &gt; export: calls dialog.alert when showExportChat throws" time="0.0298115">
            <system-err>
[bAInder] [ERROR] Export chat failed: Error: Boom
    at C:/Repos/Personal/bAInder/tests/chat-actions.test.js:620:67
    at [90mfile:///C:/Repos/Personal/bAInder/[39mnode_modules/[4m@vitest/runner[24m/dist/index.js:145:11
    at [90mfile:///C:/Repos/Personal/bAInder/[39mnode_modules/[4m@vitest/runner[24m/dist/index.js:915:26
    at [90mfile:///C:/Repos/Personal/bAInder/[39mnode_modules/[4m@vitest/runner[24m/dist/index.js:1243:20
    at new Promise (&lt;anonymous&gt;)
    at runWithTimeout [90m(file:///C:/Repos/Personal/bAInder/[39mnode_modules/[4m@vitest/runner[24m/dist/index.js:1209:10[90m)[39m
    at [90mfile:///C:/Repos/Personal/bAInder/[39mnode_modules/[4m@vitest/runner[24m/dist/index.js:1653:37
    at Traces.$ [90m(file:///C:/Repos/Personal/bAInder/[39mnode_modules/[4mvitest[24m/dist/chunks/traces.CCmnQaNT.js:142:27[90m)[39m
    at trace [90m(file:///C:/Repos/Personal/bAInder/[39mnode_modules/[4mvitest[24m/dist/chunks/test.B8ej_ZHS.js:239:21[90m)[39m
    at runTest [90m(file:///C:/Repos/Personal/bAInder/[39mnode_modules/[4m@vitest/runner[24m/dist/index.js:1653:12[90m)[39m

            </system-err>
        </testcase>
        <testcase classname="tests/chat-actions.test.js" name="private chat-action handlers via setupChatContextMenuActions &gt; delete: removes chat from state immediately (optimistic UI)" time="0.0058971">
        </testcase>
        <testcase classname="tests/chat-actions.test.js" name="private chat-action handlers via setupChatContextMenuActions &gt; delete: calls saveTree and removeChat after deferred timer when chat has a topicId" time="0.0045631">
        </testcase>
        <testcase classname="tests/chat-actions.test.js" name="private chat-action handlers via setupChatContextMenuActions &gt; delete: undo button restores the chat to state (no topic)" time="0.0062796">
        </testcase>
        <testcase classname="tests/chat-actions.test.js" name="private chat-action handlers via setupChatContextMenuActions &gt; delete: undo button restores a chat that belonged to a topic (covers topic.chatIds.push)" time="0.005122">
        </testcase>
        <testcase classname="tests/chat-actions.test.js" name="private chat-action handlers via setupChatContextMenuActions &gt; copy: copies chat to clipboard successfully" time="0.003526">
        </testcase>
        <testcase classname="tests/chat-actions.test.js" name="private chat-action handlers via setupChatContextMenuActions &gt; copy: shows error notification when clipboard result is not ok" time="0.0030802">
        </testcase>
        <testcase classname="tests/chat-actions.test.js" name="private chat-action handlers via setupChatContextMenuActions &gt; copy: shows tooLarge notification when result.tooLarge is true" time="0.0031304">
        </testcase>
        <testcase classname="tests/chat-actions.test.js" name="private chat-action handlers via setupChatContextMenuActions &gt; copy: shows error when chatRepo.loadFullByIds returns empty" time="0.0035243">
        </testcase>
        <testcase classname="tests/chat-actions.test.js" name="private chat-action handlers via setupChatContextMenuActions &gt; copy: shows error when chatRepo.loadFullByIds rejects" time="0.005612">
            <system-err>
[bAInder] [WARN] Copy: failed to load chat content Error: load fail
    at C:/Repos/Personal/bAInder/tests/chat-actions.test.js:751:59
    at [90mfile:///C:/Repos/Personal/bAInder/[39mnode_modules/[4m@vitest/runner[24m/dist/index.js:145:11
    at [90mfile:///C:/Repos/Personal/bAInder/[39mnode_modules/[4m@vitest/runner[24m/dist/index.js:915:26
    at [90mfile:///C:/Repos/Personal/bAInder/[39mnode_modules/[4m@vitest/runner[24m/dist/index.js:1243:20
    at new Promise (&lt;anonymous&gt;)
    at runWithTimeout [90m(file:///C:/Repos/Personal/bAInder/[39mnode_modules/[4m@vitest/runner[24m/dist/index.js:1209:10[90m)[39m
    at [90mfile:///C:/Repos/Personal/bAInder/[39mnode_modules/[4m@vitest/runner[24m/dist/index.js:1653:37
    at Traces.$ [90m(file:///C:/Repos/Personal/bAInder/[39mnode_modules/[4mvitest[24m/dist/chunks/traces.CCmnQaNT.js:142:27[90m)[39m
    at trace [90m(file:///C:/Repos/Personal/bAInder/[39mnode_modules/[4mvitest[24m/dist/chunks/test.B8ej_ZHS.js:239:21[90m)[39m
    at runTest [90m(file:///C:/Repos/Personal/bAInder/[39mnode_modules/[4m@vitest/runner[24m/dist/index.js:1653:12[90m)[39m

            </system-err>
        </testcase>
        <testcase classname="tests/chat-actions.test.js" name="private chat-action handlers via setupChatContextMenuActions &gt; unknown action: does not throw and logs a warning" time="0.0031274">
        </testcase>
    </testsuite>
    <testsuite name="tests/chat-dialogs.test.js" timestamp="2026-03-17T19:02:05.922Z" hostname="Kahana-PC" tests="43" failures="0" errors="0" skipped="0" time="0.3733292">
        <testcase classname="tests/chat-dialogs.test.js" name="ChatDialogs – constructor &gt; throws when dialogManager is missing" time="0.0058516">
        </testcase>
        <testcase classname="tests/chat-dialogs.test.js" name="ChatDialogs – constructor &gt; throws when topicTree is missing" time="0.0026638">
        </testcase>
        <testcase classname="tests/chat-dialogs.test.js" name="ChatDialogs – constructor &gt; stores dialog and tree on instance" time="0.0029181">
        </testcase>
        <testcase classname="tests/chat-dialogs.test.js" name="ChatDialogs – showAssignChat &gt; throws when chatEntry is missing" time="0.0030408">
        </testcase>
        <testcase classname="tests/chat-dialogs.test.js" name="ChatDialogs – showAssignChat &gt; alerts and returns null when no topics exist" time="0.0252915">
        </testcase>
        <testcase classname="tests/chat-dialogs.test.js" name="ChatDialogs – showAssignChat &gt; returns null when form is cancelled" time="0.0222076">
        </testcase>
        <testcase classname="tests/chat-dialogs.test.js" name="ChatDialogs – showAssignChat &gt; returns {topicId, title} when form is submitted" time="0.0283115">
        </testcase>
        <testcase classname="tests/chat-dialogs.test.js" name="ChatDialogs – showAssignChat &gt; allows editing the title before assigning" time="0.0209528">
        </testcase>
        <testcase classname="tests/chat-dialogs.test.js" name="ChatDialogs – showAssignChat &gt; truncates long title in dialog heading to 50 chars" time="0.0179541">
        </testcase>
        <testcase classname="tests/chat-dialogs.test.js" name="ChatDialogs – showRenameChat &gt; throws when chat is missing" time="0.0019671">
        </testcase>
        <testcase classname="tests/chat-dialogs.test.js" name="ChatDialogs – showRenameChat &gt; returns null when cancelled" time="0.010794">
        </testcase>
        <testcase classname="tests/chat-dialogs.test.js" name="ChatDialogs – showRenameChat &gt; returns null when title is unchanged" time="0.0210851">
        </testcase>
        <testcase classname="tests/chat-dialogs.test.js" name="ChatDialogs – showRenameChat &gt; returns {title} when a new title is submitted" time="0.0137401">
        </testcase>
        <testcase classname="tests/chat-dialogs.test.js" name="ChatDialogs – showRenameChat &gt; pre-fills the title input with current chat title" time="0.0075947">
        </testcase>
        <testcase classname="tests/chat-dialogs.test.js" name="ChatDialogs – showRenameChat &gt; trims whitespace before comparing titles" time="0.0099964">
        </testcase>
        <testcase classname="tests/chat-dialogs.test.js" name="ChatDialogs – showMoveChat &gt; throws when chat is missing" time="0.0017649">
        </testcase>
        <testcase classname="tests/chat-dialogs.test.js" name="ChatDialogs – showMoveChat &gt; alerts and returns null when no other topics are available" time="0.0048356">
        </testcase>
        <testcase classname="tests/chat-dialogs.test.js" name="ChatDialogs – showMoveChat &gt; returns null when cancelled" time="0.0386449">
        </testcase>
        <testcase classname="tests/chat-dialogs.test.js" name="ChatDialogs – showMoveChat &gt; returns {topicId} when submitted" time="0.0074985">
        </testcase>
        <testcase classname="tests/chat-dialogs.test.js" name="ChatDialogs – showMoveChat &gt; excludes the current topic from options" time="0.0093901">
        </testcase>
        <testcase classname="tests/chat-dialogs.test.js" name="ChatDialogs – showMoveChat &gt; truncates long chat title in dialog heading" time="0.0092784">
        </testcase>
        <testcase classname="tests/chat-dialogs.test.js" name="ChatDialogs – showDeleteChat &gt; throws when chat is missing" time="0.0018075">
        </testcase>
        <testcase classname="tests/chat-dialogs.test.js" name="ChatDialogs – showDeleteChat &gt; returns null when user cancels" time="0.0042971">
        </testcase>
        <testcase classname="tests/chat-dialogs.test.js" name="ChatDialogs – showDeleteChat &gt; returns {chatId} when user confirms" time="0.0043926">
        </testcase>
        <testcase classname="tests/chat-dialogs.test.js" name="ChatDialogs – showDeleteChat &gt; shows chat title in the confirmation dialog" time="0.003921">
        </testcase>
        <testcase classname="tests/chat-dialogs.test.js" name="ChatDialogs – _buildTopicOptions &gt; returns empty array when tree has no topics" time="0.0045206">
        </testcase>
        <testcase classname="tests/chat-dialogs.test.js" name="ChatDialogs – _buildTopicOptions &gt; returns all topics sorted alphabetically by name" time="0.0022032">
        </testcase>
        <testcase classname="tests/chat-dialogs.test.js" name="ChatDialogs – _buildTopicOptions &gt; excludes the specified topic when excludeTopicId is given" time="0.0021666">
        </testcase>
        <testcase classname="tests/chat-dialogs.test.js" name="ChatDialogs – _buildTopicOptions &gt; returns options with value and label properties" time="0.000842">
        </testcase>
        <testcase classname="tests/chat-dialogs.test.js" name="ChatDialogs – _buildTopicOptions &gt; includes all topics when excludeTopicId is null (default)" time="0.0013382">
        </testcase>
        <testcase classname="tests/chat-dialogs.test.js" name="ChatDialogs – showEditTags &gt; throws when chat is missing" time="0.001757">
        </testcase>
        <testcase classname="tests/chat-dialogs.test.js" name="ChatDialogs – showEditTags &gt; returns null when cancelled" time="0.007094">
        </testcase>
        <testcase classname="tests/chat-dialogs.test.js" name="ChatDialogs – showEditTags &gt; returns { tags } when new tags are submitted" time="0.0062245">
        </testcase>
        <testcase classname="tests/chat-dialogs.test.js" name="ChatDialogs – showEditTags &gt; pre-fills tags input with current chat tags" time="0.0055228">
        </testcase>
        <testcase classname="tests/chat-dialogs.test.js" name="ChatDialogs – showEditTags &gt; normalises tags to lowercase and trims whitespace" time="0.0083058">
        </testcase>
        <testcase classname="tests/chat-dialogs.test.js" name="ChatDialogs – showEditTags &gt; returns empty array when tags field is cleared" time="0.0184982">
        </testcase>
        <testcase classname="tests/chat-dialogs.test.js" name="ChatDialogs – showSetReviewDate &gt; throws when chat is missing" time="0.0017922">
        </testcase>
        <testcase classname="tests/chat-dialogs.test.js" name="ChatDialogs – showSetReviewDate &gt; returns null when form is cancelled" time="0.0037437">
        </testcase>
        <testcase classname="tests/chat-dialogs.test.js" name="ChatDialogs – showSetReviewDate &gt; returns {reviewDate} when a date is submitted" time="0.0086576">
        </testcase>
        <testcase classname="tests/chat-dialogs.test.js" name="ChatDialogs – showSetReviewDate &gt; returns {reviewDate: null} when date field is cleared" time="0.0036873">
        </testcase>
        <testcase classname="tests/chat-dialogs.test.js" name="ChatDialogs – showSetReviewDate &gt; shows &quot;Set Review Date&quot; title when chat has no review date" time="0.0036279">
        </testcase>
        <testcase classname="tests/chat-dialogs.test.js" name="ChatDialogs – showSetReviewDate &gt; shows &quot;Update Review Date&quot; title when chat already has a review date" time="0.0045089">
        </testcase>
        <testcase classname="tests/chat-dialogs.test.js" name="ChatDialogs – showSetReviewDate &gt; pre-fills the date input with the existing review date" time="0.0034576">
        </testcase>
    </testsuite>
    <testsuite name="tests/chat-entity.test.js" timestamp="2026-03-17T19:02:05.955Z" hostname="Kahana-PC" tests="8" failures="0" errors="0" skipped="0" time="0.0137598">
        <testcase classname="tests/chat-entity.test.js" name="ENTITY_TYPES &gt; all values are distinct strings" time="0.0053522">
        </testcase>
        <testcase classname="tests/chat-entity.test.js" name="ENTITY_TYPES &gt; contains the 10 expected types" time="0.0009813">
        </testcase>
        <testcase classname="tests/chat-entity.test.js" name="ENTITY_TYPES &gt; is frozen (immutable)" time="0.0004143">
        </testcase>
        <testcase classname="tests/chat-entity.test.js" name="createEntity() &gt; populates all base fields" time="0.0015466">
        </testcase>
        <testcase classname="tests/chat-entity.test.js" name="createEntity() &gt; generates a non-empty string id" time="0.0003227">
        </testcase>
        <testcase classname="tests/chat-entity.test.js" name="createEntity() &gt; generates unique ids across calls" time="0.0006259">
        </testcase>
        <testcase classname="tests/chat-entity.test.js" name="createEntity() &gt; spreads extra fields onto the entity" time="0.0002527">
        </testcase>
        <testcase classname="tests/chat-entity.test.js" name="createEntity() &gt; works with no fields argument" time="0.0001762">
        </testcase>
    </testsuite>
    <testsuite name="tests/chat-extractor.test.js" timestamp="2026-03-17T19:02:05.962Z" hostname="Kahana-PC" tests="254" failures="0" errors="0" skipped="0" time="1.1189001">
        <testcase classname="tests/chat-extractor.test.js" name="detectPlatform() &gt; returns chatgpt for chat.openai.com" time="0.0054905">
        </testcase>
        <testcase classname="tests/chat-extractor.test.js" name="detectPlatform() &gt; returns claude for claude.ai" time="0.000783">
        </testcase>
        <testcase classname="tests/chat-extractor.test.js" name="detectPlatform() &gt; returns gemini for gemini.google.com" time="0.0019332">
        </testcase>
        <testcase classname="tests/chat-extractor.test.js" name="detectPlatform() &gt; returns null for an unknown hostname" time="0.0007164">
        </testcase>
        <testcase classname="tests/chat-extractor.test.js" name="detectPlatform() &gt; returns null for empty string" time="0.0004745">
        </testcase>
        <testcase classname="tests/chat-extractor.test.js" name="detectPlatform() &gt; returns null for null" time="0.0004314">
        </testcase>
        <testcase classname="tests/chat-extractor.test.js" name="detectPlatform() &gt; returns null for undefined" time="0.0004032">
        </testcase>
        <testcase classname="tests/chat-extractor.test.js" name="detectPlatform() &gt; detects copilot from copilot.microsoft.com hostname" time="0.000431">
        </testcase>
        <testcase classname="tests/chat-extractor.test.js" name="detectPlatform() &gt; detects copilot with path on copilot.microsoft.com" time="0.0003329">
        </testcase>
        <testcase classname="tests/chat-extractor.test.js" name="detectPlatform() &gt; detects copilot from m365.cloud.microsoft (redirect target)" time="0.0003033">
        </testcase>
        <testcase classname="tests/chat-extractor.test.js" name="detectPlatform() &gt; detects copilot from m365.cloud.microsoft with subdomain" time="0.0003329">
        </testcase>
        <testcase classname="tests/chat-extractor.test.js" name="detectPlatform() &gt; is case-insensitive" time="0.0004228">
        </testcase>
        <testcase classname="tests/chat-extractor.test.js" name="detectPlatform() &gt; matches on substrings (e.g. subdomain)" time="0.0004239">
        </testcase>
        <testcase classname="tests/chat-extractor.test.js" name="detectPlatform() &gt; returns &quot;perplexity&quot; for www.perplexity.ai" time="0.0002779">
        </testcase>
        <testcase classname="tests/chat-extractor.test.js" name="detectPlatform() &gt; returns &quot;perplexity&quot; for perplexity.ai" time="0.0002922">
        </testcase>
        <testcase classname="tests/chat-extractor.test.js" name="detectPlatform() &gt; returns &quot;deepseek&quot; for chat.deepseek.com" time="0.000526">
        </testcase>
        <testcase classname="tests/chat-extractor.test.js" name="sanitizeContent() &gt; strips HTML tags" time="0.0077917">
        </testcase>
        <testcase classname="tests/chat-extractor.test.js" name="sanitizeContent() &gt; decodes HTML entities" time="0.0054118">
        </testcase>
        <testcase classname="tests/chat-extractor.test.js" name="sanitizeContent() &gt; normalises whitespace" time="0.0177066">
        </testcase>
        <testcase classname="tests/chat-extractor.test.js" name="sanitizeContent() &gt; handles nested tags" time="0.001093">
        </testcase>
        <testcase classname="tests/chat-extractor.test.js" name="sanitizeContent() &gt; returns empty string for empty input" time="0.0007331">
        </testcase>
        <testcase classname="tests/chat-extractor.test.js" name="sanitizeContent() &gt; returns empty string for null" time="0.0005511">
        </testcase>
        <testcase classname="tests/chat-extractor.test.js" name="sanitizeContent() &gt; returns empty string for undefined" time="0.0005221">
        </testcase>
        <testcase classname="tests/chat-extractor.test.js" name="sanitizeContent() &gt; handles plain text without HTML" time="0.0022528">
        </testcase>
        <testcase classname="tests/chat-extractor.test.js" name="sanitizeContent() &gt; handles mixed tags and entities" time="0.0009249">
        </testcase>
        <testcase classname="tests/chat-extractor.test.js" name="getTextContent() &gt; extracts text from a DOM element" time="0.0052207">
        </testcase>
        <testcase classname="tests/chat-extractor.test.js" name="getTextContent() &gt; strips tags from innerHTML" time="0.0098499">
        </testcase>
        <testcase classname="tests/chat-extractor.test.js" name="getTextContent() &gt; returns empty string for null" time="0.0013467">
        </testcase>
        <testcase classname="tests/chat-extractor.test.js" name="getTextContent() &gt; falls back to textContent when innerHTML is empty" time="0.0017606">
        </testcase>
        <testcase classname="tests/chat-extractor.test.js" name="getTextContent() &gt; returns empty string when both innerHTML and textContent are empty" time="0.0006865">
        </testcase>
        <testcase classname="tests/chat-extractor.test.js" name="htmlToMarkdown() &gt; returns empty string for null" time="0.0015719">
        </testcase>
        <testcase classname="tests/chat-extractor.test.js" name="htmlToMarkdown() &gt; returns plain text unchanged" time="0.0066279">
        </testcase>
        <testcase classname="tests/chat-extractor.test.js" name="htmlToMarkdown() &gt; converts &lt;strong&gt; to **bold**" time="0.0015332">
        </testcase>
        <testcase classname="tests/chat-extractor.test.js" name="htmlToMarkdown() &gt; converts &lt;b&gt; to **bold**" time="0.001211">
        </testcase>
        <testcase classname="tests/chat-extractor.test.js" name="htmlToMarkdown() &gt; converts &lt;em&gt; to *italic*" time="0.001074">
        </testcase>
        <testcase classname="tests/chat-extractor.test.js" name="htmlToMarkdown() &gt; converts &lt;i&gt; to *italic*" time="0.0010532">
        </testcase>
        <testcase classname="tests/chat-extractor.test.js" name="htmlToMarkdown() &gt; converts inline &lt;code&gt; to backtick-code" time="0.0010494">
        </testcase>
        <testcase classname="tests/chat-extractor.test.js" name="htmlToMarkdown() &gt; converts &lt;pre&gt;&lt;code&gt; to fenced code block" time="0.0083686">
        </testcase>
        <testcase classname="tests/chat-extractor.test.js" name="htmlToMarkdown() &gt; preserves language class in fenced code block" time="0.0049623">
        </testcase>
        <testcase classname="tests/chat-extractor.test.js" name="htmlToMarkdown() &gt; converts &lt;h1&gt; to # heading" time="0.002171">
        </testcase>
        <testcase classname="tests/chat-extractor.test.js" name="htmlToMarkdown() &gt; converts &lt;h2&gt; to ## heading" time="0.0013813">
        </testcase>
        <testcase classname="tests/chat-extractor.test.js" name="htmlToMarkdown() &gt; converts &lt;h3&gt; to ### heading" time="0.0011543">
        </testcase>
        <testcase classname="tests/chat-extractor.test.js" name="htmlToMarkdown() &gt; converts &lt;ul&gt;&lt;li&gt; to unordered list" time="0.0034532">
        </testcase>
        <testcase classname="tests/chat-extractor.test.js" name="htmlToMarkdown() &gt; converts &lt;ol&gt;&lt;li&gt; to ordered list" time="0.0024003">
        </testcase>
        <testcase classname="tests/chat-extractor.test.js" name="htmlToMarkdown() &gt; converts &lt;blockquote&gt; to &gt; quote lines" time="0.0014793">
        </testcase>
        <testcase classname="tests/chat-extractor.test.js" name="htmlToMarkdown() &gt; converts &lt;a href&gt; to [text](url)" time="0.0024202">
        </testcase>
        <testcase classname="tests/chat-extractor.test.js" name="htmlToMarkdown() &gt; uses link text only when href is absent" time="0.0009795">
        </testcase>
        <testcase classname="tests/chat-extractor.test.js" name="htmlToMarkdown() &gt; skips aria-hidden elements" time="0.0017204">
        </testcase>
        <testcase classname="tests/chat-extractor.test.js" name="htmlToMarkdown() &gt; skips &lt;svg&gt;, &lt;button&gt;, &lt;script&gt; elements" time="0.0110575">
            <system-out>
[bAInder] [htmlToMarkdown] dropping &lt;button&gt; text: click

            </system-out>
        </testcase>
        <testcase classname="tests/chat-extractor.test.js" name="htmlToMarkdown() &gt; collapses 3+ consecutive newlines to 2" time="0.0026204">
        </testcase>
        <testcase classname="tests/chat-extractor.test.js" name="htmlToMarkdown() &gt; handles mixed rich content: bold inside list item" time="0.001445">
        </testcase>
        <testcase classname="tests/chat-extractor.test.js" name="htmlToMarkdown() &gt; handles a realistic assistant response with heading, list, and code" time="0.0028425">
        </testcase>
        <testcase classname="tests/chat-extractor.test.js" name="htmlToMarkdown() &gt; renders multi-line &lt;code&gt; without &lt;pre&gt; as a fenced code block" time="0.001357">
        </testcase>
        <testcase classname="tests/chat-extractor.test.js" name="htmlToMarkdown() &gt; detects language from &lt;code class=&quot;language-python&quot;&gt; inside standalone code" time="0.0022783">
        </testcase>
        <testcase classname="tests/chat-extractor.test.js" name="htmlToMarkdown() &gt; detects language from parent &lt;div class=&quot;highlight-source-python&quot;&gt;&lt;pre&gt;" time="0.0020001">
        </testcase>
        <testcase classname="tests/chat-extractor.test.js" name="htmlToMarkdown() &gt; &lt;pre&gt; without &lt;code&gt; child still produces a fenced code block" time="0.0027437">
        </testcase>
        <testcase classname="tests/chat-extractor.test.js" name="htmlToMarkdown() &gt; skips h5 headings with text &quot;You said:&quot; (Copilot role label)" time="0.0014898">
        </testcase>
        <testcase classname="tests/chat-extractor.test.js" name="htmlToMarkdown() &gt; skips role-label headings case-insensitively (&quot;YOU SAID:&quot;)" time="0.0009942">
        </testcase>
        <testcase classname="tests/chat-extractor.test.js" name="htmlToMarkdown() &gt; skips h5 with text &quot;Copilot said:&quot;" time="0.0013255">
        </testcase>
        <testcase classname="tests/chat-extractor.test.js" name="htmlToMarkdown() &gt; skips &quot;I said:&quot; role-label headings" time="0.0012776">
        </testcase>
        <testcase classname="tests/chat-extractor.test.js" name="htmlToMarkdown() &gt; does NOT skip a real content heading like &quot;Key Concepts&quot;" time="0.0009672">
        </testcase>
        <testcase classname="tests/chat-extractor.test.js" name="htmlToMarkdown() &gt; skips a language-label div that is a sibling of &lt;pre&gt;" time="0.0028284">
        </testcase>
        <testcase classname="tests/chat-extractor.test.js" name="htmlToMarkdown() &gt; does NOT skip a &lt;div&gt; sibling of &lt;pre&gt; that itself contains &lt;code&gt;" time="0.0019919">
        </testcase>
        <testcase classname="tests/chat-extractor.test.js" name="htmlToMarkdown() &gt; skips &lt;img&gt; with blob: src (session-only URL)" time="0.002631">
        </testcase>
        <testcase classname="tests/chat-extractor.test.js" name="htmlToMarkdown() &gt; renders &lt;img&gt; with https: src as markdown image" time="0.0012086">
        </testcase>
        <testcase classname="tests/chat-extractor.test.js" name="htmlToMarkdown() &gt; renders &lt;img&gt; with https: src and no alt attribute (alt || &quot;&quot; fallback)" time="0.0012082">
        </testcase>
        <testcase classname="tests/chat-extractor.test.js" name="htmlToMarkdown() &gt; &lt;audio data-binder-audio-lost=&quot;too_large&quot;&gt; → &quot;(file too large to capture)&quot; note" time="0.0021057">
        </testcase>
        <testcase classname="tests/chat-extractor.test.js" name="htmlToMarkdown() &gt; &lt;audio data-binder-audio-lost=&quot;other&quot;&gt; → &quot;(not captured)&quot; note" time="0.0011234">
        </testcase>
        <testcase classname="tests/chat-extractor.test.js" name="htmlToMarkdown() &gt; &lt;audio&gt; with no src → returns empty (inner fallback)" time="0.0008684">
        </testcase>
        <testcase classname="tests/chat-extractor.test.js" name="htmlToMarkdown() &gt; &lt;audio src=&quot;blob:...&quot;&gt; → session-only marker with blob URL" time="0.0015056">
        </testcase>
        <testcase classname="tests/chat-extractor.test.js" name="htmlToMarkdown() &gt; &lt;audio src=&quot;data:audio/mp3;base64,...&quot;&gt; → playable marker with data URI" time="0.0012531">
        </testcase>
        <testcase classname="tests/chat-extractor.test.js" name="htmlToMarkdown() &gt; &lt;audio src=&quot;https://cdn.example.com/audio.mp3&quot;&gt; → playable marker with https URL" time="0.0012531">
        </testcase>
        <testcase classname="tests/chat-extractor.test.js" name="htmlToMarkdown() &gt; &lt;audio src=&quot;sandbox://...&quot;&gt; → not captured marker (inaccessible scheme)" time="0.00141">
        </testcase>
        <testcase classname="tests/chat-extractor.test.js" name="htmlToMarkdown() &gt; &lt;iframe aria-label=&quot;Microsoft Designer&quot; src with image param&gt; → markdown image" time="0.0036851">
        </testcase>
        <testcase classname="tests/chat-extractor.test.js" name="htmlToMarkdown() &gt; &lt;iframe name=&quot;Microsoft Designer&quot;&gt; with src but no image param → fallback link" time="0.0016141">
        </testcase>
        <testcase classname="tests/chat-extractor.test.js" name="htmlToMarkdown() &gt; &lt;iframe aria-label=&quot;Microsoft Designer&quot;&gt; with no src → bare placeholder" time="0.0010626">
        </testcase>
        <testcase classname="tests/chat-extractor.test.js" name="htmlToMarkdown() &gt; &lt;iframe&gt; without Microsoft Designer label → returns inner content" time="0.001306">
        </testcase>
        <testcase classname="tests/chat-extractor.test.js" name="htmlToMarkdown() &gt; &lt;table&gt; with &lt;th&gt; header row → GFM table with separator after header" time="0.0127553">
            <system-out>
[bAInder] htmlToMarkdown: &lt;table&gt; hit, tr count: [33m2[39m

            </system-out>
        </testcase>
        <testcase classname="tests/chat-extractor.test.js" name="htmlToMarkdown() &gt; &lt;table&gt; with only &lt;td&gt; rows → inserts GFM separator after first row" time="0.0024456">
            <system-out>
[bAInder] htmlToMarkdown: &lt;table&gt; hit, tr count: [33m2[39m

            </system-out>
        </testcase>
        <testcase classname="tests/chat-extractor.test.js" name="htmlToMarkdown() &gt; &lt;table&gt; with pipe character in cell → pipe is escaped" time="0.0035692">
            <system-out>
[bAInder] htmlToMarkdown: &lt;table&gt; hit, tr count: [33m2[39m

            </system-out>
        </testcase>
        <testcase classname="tests/chat-extractor.test.js" name="htmlToMarkdown() &gt; empty &lt;table&gt; → returns empty string" time="0.003079">
            <system-out>
[bAInder] htmlToMarkdown: &lt;table&gt; hit, tr count: [33m0[39m

            </system-out>
        </testcase>
        <testcase classname="tests/chat-extractor.test.js" name="formatMessage() &gt; creates a message with role and content" time="0.0030618">
        </testcase>
        <testcase classname="tests/chat-extractor.test.js" name="formatMessage() &gt; trims content" time="0.002731">
        </testcase>
        <testcase classname="tests/chat-extractor.test.js" name="formatMessage() &gt; falls back role to &quot;unknown&quot; if empty" time="0.000466">
        </testcase>
        <testcase classname="tests/chat-extractor.test.js" name="formatMessage() &gt; handles null content gracefully" time="0.0003351">
        </testcase>
        <testcase classname="tests/chat-extractor.test.js" name="generateTitle() &gt; uses the first user message as the title when assistant has no heading" time="0.0025199">
        </testcase>
        <testcase classname="tests/chat-extractor.test.js" name="generateTitle() &gt; does NOT truncate long first user messages (regression: was 80 chars)" time="0.0010658">
        </testcase>
        <testcase classname="tests/chat-extractor.test.js" name="generateTitle() &gt; exactly-80-char message is not truncated" time="0.0005441">
        </testcase>
        <testcase classname="tests/chat-extractor.test.js" name="generateTitle() &gt; falls back to URL path segment when no messages" time="0.000531">
        </testcase>
        <testcase classname="tests/chat-extractor.test.js" name="generateTitle() &gt; falls back to &quot;Untitled Chat&quot; when no messages and no useful URL" time="0.0003618">
        </testcase>
        <testcase classname="tests/chat-extractor.test.js" name="generateTitle() &gt; returns &quot;Untitled Chat&quot; when messages array is empty and URL is null" time="0.0009681">
        </testcase>
        <testcase classname="tests/chat-extractor.test.js" name="generateTitle() &gt; skips short URL segments and falls back to Untitled" time="0.0004603">
        </testcase>
        <testcase classname="tests/chat-extractor.test.js" name="generateTitle() &gt; strips ** bold markers from user content when building the title" time="0.000597">
        </testcase>
        <testcase classname="tests/chat-extractor.test.js" name="generateTitle() &gt; strips # heading markers from user content when building the title" time="0.0005925">
        </testcase>
        <testcase classname="tests/chat-extractor.test.js" name="generateTitle() &gt; strips inline `code` markers from user content" time="0.0004665">
        </testcase>
        <testcase classname="tests/chat-extractor.test.js" name="generateTitle() &gt; uses first non-empty line from multi-line user content" time="0.0009671">
        </testcase>
        <testcase classname="tests/chat-extractor.test.js" name="generateTitle() &gt; skips blank lines and code fences to find first real text" time="0.0007919">
        </testcase>
        <testcase classname="tests/chat-extractor.test.js" name="generateTitle() &gt; uses user message even when assistant has h1 heading" time="0.0015349">
        </testcase>
        <testcase classname="tests/chat-extractor.test.js" name="generateTitle() &gt; uses user message even when assistant has h2 heading" time="0.0010219">
        </testcase>
        <testcase classname="tests/chat-extractor.test.js" name="generateTitle() &gt; falls through to user message when assistant has no heading" time="0.0009428">
        </testcase>
        <testcase classname="tests/chat-extractor.test.js" name="generateTitle() &gt; skips assistant heading shorter than 4 chars" time="0.00072">
        </testcase>
        <testcase classname="tests/chat-extractor.test.js" name="generateTitle() &gt; extracts first complete sentence when followed by more text" time="0.0009349">
        </testcase>
        <testcase classname="tests/chat-extractor.test.js" name="generateTitle() &gt; returns full first line when there is no sentence terminator" time="0.0008269">
        </testcase>
        <testcase classname="tests/chat-extractor.test.js" name="generateTitle() &gt; skips &quot;You said:&quot; Copilot label and uses the actual question as title" time="0.0009395">
        </testcase>
        <testcase classname="tests/chat-extractor.test.js" name="generateTitle() &gt; skips &quot;I said:&quot; and uses subsequent line as title" time="0.0008428">
        </testcase>
        <testcase classname="tests/chat-extractor.test.js" name="generateTitle() &gt; skips Copilot label even without colon (&quot;Copilot&quot;)" time="0.0005914">
        </testcase>
        <testcase classname="tests/chat-extractor.test.js" name="generateTitle() &gt; uses || &quot;&quot; fallback when all user content lines are empty after stripping (line 19 branch)" time="0.0005769">
        </testcase>
        <testcase classname="tests/chat-extractor.test.js" name="generateTitle() &gt; returns full cleaned line when sentence is too short (&lt; 8 chars) to extract sentence" time="0.000562">
        </testcase>
        <testcase classname="tests/chat-extractor.test.js" name="extractors — rich formatting preserved via htmlToMarkdown &gt; extractChatGPT: preserves bold, inline code, and list from assistant HTML" time="0.0322313">
            <system-out>
[bAInder] ChatGPT extraction: turns=1
[bAInder] ChatGPT turn conversation-turn-0 assistant | contentEl: .markdown | imgs contentEl/turn: [33m0[39m / [33m0[39m

[bAInder] ChatGPT turn result conversation-turn-0 assistant | markdown len: [33m51[39m | hasImg: [33mfalse[39m | hasPlaceholder: [33mfalse[39m

[bAInder] ChatGPT docSweep: total audio markers found: [33m0[39m

            </system-out>
        </testcase>
        <testcase classname="tests/chat-extractor.test.js" name="extractors — rich formatting preserved via htmlToMarkdown &gt; extractCopilot: preserves heading, code block, and bold from assistant HTML" time="0.0246198">
            <system-out>
[bAInder] [copilot] extracted msg [33m0[39m user | len: [33m22[39m | preview: &quot;How do I centre a div?&quot;

[bAInder] [copilot] extracted msg [33m1[39m assistant | len: [33m80[39m | preview: &quot;## Answer\n\nUse **flexbox** on the parent.\n\n```css\n.parent { display: flex; }\n```&quot;

            </system-out>
        </testcase>
        <testcase classname="tests/chat-extractor.test.js" name="extractors — rich formatting preserved via htmlToMarkdown &gt; prepareChatForSave: markdown content contains preserved formatting" time="0.0185593">
            <system-out>
[bAInder] [copilot] extracted msg [33m0[39m user | len: [33m13[39m | preview: &quot;Explain lists&quot;

[bAInder] [copilot] extracted msg [33m1[39m assistant | len: [33m37[39m | preview: &quot;- **ul**: unordered\n- **ol**: ordered&quot;

            </system-out>
        </testcase>
        <testcase classname="tests/chat-extractor.test.js" name="extractors — rich formatting preserved via htmlToMarkdown &gt; extractCopilot: ignores user elements outside &lt;main&gt; when &lt;main&gt; is present" time="0.0106466">
            <system-out>
[bAInder] [copilot] extracted msg [33m0[39m user | len: [33m16[39m | preview: &quot;Real user prompt&quot;

[bAInder] [copilot] extracted msg [33m1[39m assistant | len: [33m21[39m | preview: &quot;Real copilot response&quot;

            </system-out>
        </testcase>
        <testcase classname="tests/chat-extractor.test.js" name="extractors — rich formatting preserved via htmlToMarkdown &gt; extractCopilot: title comes from actual first user message, not sidebar" time="0.0088978">
            <system-out>
[bAInder] [copilot] extracted msg [33m0[39m user | len: [33m28[39m | preview: &quot;My full original prompt text&quot;

[bAInder] [copilot] extracted msg [33m1[39m assistant | len: [33m6[39m | preview: &quot;Answer&quot;

            </system-out>
        </testcase>
        <testcase classname="tests/chat-extractor.test.js" name="extractChatGPT() &gt; throws if document is null" time="0.0085322">
        </testcase>
        <testcase classname="tests/chat-extractor.test.js" name="extractChatGPT() &gt; returns empty messages for a page with no conversation" time="0.0068025">
            <system-out>
[bAInder] ChatGPT extraction: turns=0
[bAInder] ChatGPT: primary selector found no turns, trying fallback
[bAInder] ChatGPT docSweep: total audio markers found: [33m0[39m

            </system-out>
        </testcase>
        <testcase classname="tests/chat-extractor.test.js" name="extractChatGPT() &gt; extracts a single user message" time="0.0147679">
            <system-out>
[bAInder] ChatGPT extraction: turns=1
[bAInder] ChatGPT turn conversation-turn-0 user | contentEl: .markdown | imgs contentEl/turn: [33m0[39m / [33m0[39m

[bAInder] ChatGPT turn result conversation-turn-0 user | markdown len: [33m13[39m | hasImg: [33mfalse[39m | hasPlaceholder: [33mfalse[39m
[bAInder] ChatGPT docSweep: total audio markers found: [33m0[39m

            </system-out>
        </testcase>
        <testcase classname="tests/chat-extractor.test.js" name="extractChatGPT() &gt; extracts a full conversation in order" time="0.0143379">
            <system-out>
[bAInder] ChatGPT extraction: turns=4
[bAInder] ChatGPT turn conversation-turn-0 user | contentEl: .markdown | imgs contentEl/turn: [33m0[39m / [33m0[39m

[bAInder] ChatGPT turn result conversation-turn-0 user | markdown len: [33m12[39m | hasImg: [33mfalse[39m | hasPlaceholder: [33mfalse[39m
[bAInder] ChatGPT turn conversation-turn-1 assistant | contentEl: .markdown | imgs contentEl/turn: [33m0[39m / [33m0[39m

[bAInder] ChatGPT turn result conversation-turn-1 assistant | markdown len: [33m1[39m | hasImg: [33mfalse[39m | hasPlaceholder: [33mfalse[39m

[bAInder] ChatGPT turn conversation-turn-2 user | contentEl: .markdown | imgs contentEl/turn: [33m0[39m / [33m0[39m

[bAInder] ChatGPT turn result conversation-turn-2 user | markdown len: [33m7[39m | hasImg: [33mfalse[39m | hasPlaceholder: [33mfalse[39m
[bAInder] ChatGPT turn conversation-turn-3 assistant | contentEl: .markdown | imgs contentEl/turn: [33m0[39m / [33m0[39m

[bAInder] ChatGPT turn result conversation-turn-3 assistant | markdown len: [33m16[39m | hasImg: [33mfalse[39m | hasPlaceholder: [33mfalse[39m

[bAInder] ChatGPT docSweep: total audio markers found: [33m0[39m

            </system-out>
        </testcase>
        <testcase classname="tests/chat-extractor.test.js" name="extractChatGPT() &gt; sets the title from the first user message" time="0.0139271">
            <system-out>
[bAInder] ChatGPT extraction: turns=2
[bAInder] ChatGPT turn conversation-turn-0 user | contentEl: .markdown | imgs contentEl/turn: [33m0[39m / [33m0[39m

[bAInder] ChatGPT turn result conversation-turn-0 user | markdown len: [33m26[39m | hasImg: [33mfalse[39m | hasPlaceholder: [33mfalse[39m
[bAInder] ChatGPT turn conversation-turn-1 assistant | contentEl: .markdown | imgs contentEl/turn: [33m0[39m / [33m0[39m

[bAInder] ChatGPT turn result conversation-turn-1 assistant | markdown len: [33m31[39m | hasImg: [33mfalse[39m | hasPlaceholder: [33mfalse[39m

[bAInder] ChatGPT docSweep: total audio markers found: [33m0[39m

            </system-out>
        </testcase>
        <testcase classname="tests/chat-extractor.test.js" name="extractChatGPT() &gt; uses the fallback selector when no .markdown exists" time="0.0084829">
            <system-out>
[bAInder] ChatGPT extraction: turns=1
[bAInder] ChatGPT turn conversation-turn-0 user | contentEl: roleEl | imgs contentEl/turn: [33m0[39m / [33m0[39m

[bAInder] ChatGPT turn result conversation-turn-0 user | markdown len: [33m19[39m | hasImg: [33mfalse[39m | hasPlaceholder: [33mfalse[39m
[bAInder] ChatGPT docSweep: total audio markers found: [33m0[39m

            </system-out>
        </testcase>
        <testcase classname="tests/chat-extractor.test.js" name="extractChatGPT() &gt; skips turns without a role element" time="0.0102336">
            <system-out>
[bAInder] ChatGPT extraction: turns=1
[bAInder] ChatGPT skip turn conversation-turn-0 | cannot determine role | h6: &quot;&quot;
[bAInder] ChatGPT: primary selector found no turns, trying fallback
[bAInder] ChatGPT docSweep: total audio markers found: [33m0[39m

            </system-out>
        </testcase>
        <testcase classname="tests/chat-extractor.test.js" name="extractChatGPT() &gt; maps unknown role to &quot;assistant&quot;" time="0.0075573">
            <system-out>
[bAInder] ChatGPT extraction: turns=1
[bAInder] ChatGPT turn conversation-turn-0 assistant | contentEl: roleEl | imgs contentEl/turn: [33m0[39m / [33m0[39m

[bAInder] ChatGPT turn result conversation-turn-0 assistant | markdown len: [33m10[39m | hasImg: [33mfalse[39m | hasPlaceholder: [33mfalse[39m

[bAInder] ChatGPT docSweep: total audio markers found: [33m0[39m

            </system-out>
        </testcase>
        <testcase classname="tests/chat-extractor.test.js" name="extractChatGPT() &gt; uses the global fallback selector when no articles found" time="0.0079306">
            <system-out>
[bAInder] ChatGPT extraction: turns=0
[bAInder] ChatGPT: primary selector found no turns, trying fallback

[bAInder] ChatGPT fallback turn: user | markdown len: [33m16[39m
[bAInder] ChatGPT docSweep: total audio markers found: [33m0[39m

            </system-out>
        </testcase>
        <testcase classname="tests/chat-extractor.test.js" name="extractChatGPT() &gt; returns messageCount equal to messages length" time="0.0132248">
            <system-out>
[bAInder] ChatGPT extraction: turns=2
[bAInder] ChatGPT turn conversation-turn-0 user | contentEl: .markdown | imgs contentEl/turn: [33m0[39m / [33m0[39m

[bAInder] ChatGPT turn result conversation-turn-0 user | markdown len: [33m2[39m | hasImg: [33mfalse[39m | hasPlaceholder: [33mfalse[39m
[bAInder] ChatGPT turn conversation-turn-1 assistant | contentEl: .markdown | imgs contentEl/turn: [33m0[39m / [33m0[39m

[bAInder] ChatGPT turn result conversation-turn-1 assistant | markdown len: [33m2[39m | hasImg: [33mfalse[39m | hasPlaceholder: [33mfalse[39m

[bAInder] ChatGPT docSweep: total audio markers found: [33m0[39m

            </system-out>
        </testcase>
        <testcase classname="tests/chat-extractor.test.js" name="extractChatGPT() &gt; skips an article turn with no [data-message-author-role] child" time="0.0170082">
            <system-out>
[bAInder] ChatGPT extraction: turns=1
[bAInder] ChatGPT skip turn conversation-turn-0 | cannot determine role | h6: &quot;&quot;
[bAInder] ChatGPT: primary selector found no turns, trying fallback
[bAInder] ChatGPT docSweep: total audio markers found: [33m0[39m

            </system-out>
        </testcase>
        <testcase classname="tests/chat-extractor.test.js" name="extractChatGPT() &gt; uses [class*=&quot;prose&quot;] element when .markdown is absent" time="0.0082011">
            <system-out>
[bAInder] ChatGPT extraction: turns=1
[bAInder] ChatGPT turn conversation-turn-0 user | contentEl: [class*=prose] | imgs contentEl/turn: [33m0[39m / [33m0[39m

[bAInder] ChatGPT turn result conversation-turn-0 user | markdown len: [33m10[39m | hasImg: [33mfalse[39m | hasPlaceholder: [33mfalse[39m
[bAInder] ChatGPT docSweep: total audio markers found: [33m0[39m

            </system-out>
        </testcase>
        <testcase classname="tests/chat-extractor.test.js" name="extractChatGPT() &gt; uses || &quot;&quot; fallback for rawRole when attribute value is empty string" time="0.0065695">
            <system-out>
[bAInder] ChatGPT extraction: turns=1
[bAInder] ChatGPT turn conversation-turn-0 assistant | contentEl: roleEl | imgs contentEl/turn: [33m0[39m / [33m0[39m

[bAInder] ChatGPT turn result conversation-turn-0 assistant | markdown len: [33m18[39m | hasImg: [33mfalse[39m | hasPlaceholder: [33mfalse[39m

[bAInder] ChatGPT docSweep: total audio markers found: [33m0[39m

            </system-out>
        </testcase>
        <testcase classname="tests/chat-extractor.test.js" name="extractChatGPT() &gt; fallback path: maps non-user role to assistant and calls stripSourceContainers" time="0.015463">
            <system-out>
[bAInder] ChatGPT extraction: turns=0
[bAInder] ChatGPT: primary selector found no turns, trying fallback

[bAInder] ChatGPT fallback turn: assistant | markdown len: [33m26[39m
[bAInder] ChatGPT docSweep: total audio markers found: [33m0[39m

            </system-out>
        </testcase>
        <testcase classname="tests/chat-extractor.test.js" name="extractChatGPT() &gt; skips primary turn when htmlToMarkdown returns empty content (if (content) false branch)" time="0.0064834">
            <system-out>
[bAInder] ChatGPT extraction: turns=1
[bAInder] ChatGPT turn conversation-turn-0 user | contentEl: roleEl | imgs contentEl/turn: [33m0[39m / [33m0[39m

[bAInder] ChatGPT turn result conversation-turn-0 user | markdown len: [33m0[39m | hasImg: [33mfalse[39m | hasPlaceholder: [33mfalse[39m
[bAInder] ChatGPT: primary selector found no turns, trying fallback

[bAInder] ChatGPT fallback turn: user | markdown len: [33m0[39m
[bAInder] ChatGPT docSweep: total audio markers found: [33m0[39m

            </system-out>
        </testcase>
        <testcase classname="tests/chat-extractor.test.js" name="extractChatGPT() &gt; fallback: skips element when htmlToMarkdown returns empty content (if (content) false branch)" time="0.0066153">
            <system-out>
[bAInder] ChatGPT extraction: turns=0
[bAInder] ChatGPT: primary selector found no turns, trying fallback

[bAInder] ChatGPT fallback turn: user | markdown len: [33m0[39m
[bAInder] ChatGPT docSweep: total audio markers found: [33m0[39m

            </system-out>
        </testcase>
        <testcase classname="tests/chat-extractor.test.js" name="extractClaude() &gt; throws when no conversation ID in URL" time="0.0022314">
        </testcase>
        <testcase classname="tests/chat-extractor.test.js" name="extractClaude() &gt; throws when fetch organizations fails" time="0.0035724">
        </testcase>
        <testcase classname="tests/chat-extractor.test.js" name="extractClaude() &gt; throws when no organizations found" time="0.0022898">
        </testcase>
        <testcase classname="tests/chat-extractor.test.js" name="extractClaude() &gt; throws when conversation fetch fails for all orgs" time="0.0027827">
        </testcase>
        <testcase classname="tests/chat-extractor.test.js" name="extractClaude() &gt; throws when conversation data has no chat_messages" time="0.0033466">
        </testcase>
        <testcase classname="tests/chat-extractor.test.js" name="extractClaude() &gt; extracts messages from API response" time="0.0108227">
        </testcase>
        <testcase classname="tests/chat-extractor.test.js" name="extractClaude() &gt; uses data.name as conversation title" time="0.0014601">
        </testcase>
        <testcase classname="tests/chat-extractor.test.js" name="extractClaude() &gt; generates title from messages when data.name is absent" time="0.0012516">
        </testcase>
        <testcase classname="tests/chat-extractor.test.js" name="extractClaude() &gt; returns messageCount equal to messages length" time="0.0007615">
        </testcase>
        <testcase classname="tests/chat-extractor.test.js" name="extractClaude() &gt; falls back to chat_messages when current_leaf_message_uuid is missing" time="0.001435">
        </testcase>
        <testcase classname="tests/chat-extractor.test.js" name="extractClaude() &gt; handles msg.text string field as content fallback" time="0.001053">
        </testcase>
        <testcase classname="tests/chat-extractor.test.js" name="extractClaude() &gt; skips messages with empty content (if(content.trim()) FALSE branch)" time="0.001364">
        </testcase>
        <testcase classname="tests/chat-extractor.test.js" name="extractClaude() &gt; tries multiple orgs and uses first successful one" time="0.0016963">
        </testcase>
        <testcase classname="tests/chat-extractor.test.js" name="extractGemini() &gt; throws if document is null" time="0.0026527">
        </testcase>
        <testcase classname="tests/chat-extractor.test.js" name="extractGemini() &gt; returns empty messages for a blank page" time="0.0030057">
            <system-out>
[bAInder] Gemini extraction: user elements=0 model elements=0

            </system-out>
        </testcase>
        <testcase classname="tests/chat-extractor.test.js" name="extractGemini() &gt; extracts user queries and model responses" time="0.0149788">
            <system-out>
[bAInder] Gemini extraction: user elements=1 model elements=1

[bAInder] Gemini user : NO &lt;table&gt; elements. Tags in response el: 

[bAInder] Gemini turn: user DIV | light imgs: [33m0[39m | markdown len: [33m11[39m

[bAInder] Gemini assistant : NO &lt;table&gt; elements. Tags in response el: 

[bAInder] Gemini turn: assistant DIV | light imgs: [33m0[39m | markdown len: [33m22[39m

            </system-out>
        </testcase>
        <testcase classname="tests/chat-extractor.test.js" name="extractGemini() &gt; extracts using .query-text class fallback" time="0.003996">
            <system-out>
[bAInder] Gemini extraction: user elements=1 model elements=0

[bAInder] Gemini user : NO &lt;table&gt; elements. Tags in response el: 

[bAInder] Gemini turn: user DIV | light imgs: [33m0[39m | markdown len: [33m20[39m

            </system-out>
        </testcase>
        <testcase classname="tests/chat-extractor.test.js" name="extractGemini() &gt; extracts using .response-text class fallback" time="0.0091055">
            <system-out>
[bAInder] Gemini extraction: user elements=0 model elements=1

[bAInder] Gemini assistant : NO &lt;table&gt; elements. Tags in response el: 

[bAInder] Gemini turn: assistant DIV | light imgs: [33m0[39m | markdown len: [33m18[39m

            </system-out>
        </testcase>
        <testcase classname="tests/chat-extractor.test.js" name="extractGemini() &gt; sets title from first user message" time="0.0053546">
            <system-out>
[bAInder] Gemini extraction: user elements=1 model elements=0

[bAInder] Gemini user : NO &lt;table&gt; elements. Tags in response el: 

[bAInder] Gemini turn: user DIV | light imgs: [33m0[39m | markdown len: [33m23[39m

            </system-out>
        </testcase>
        <testcase classname="tests/chat-extractor.test.js" name="extractGemini() &gt; returns messageCount equal to messages length" time="0.0153153">
            <system-out>
[bAInder] Gemini extraction: user elements=2 model elements=1

[bAInder] Gemini user : NO &lt;table&gt; elements. Tags in response el: 

[bAInder] Gemini turn: user DIV | light imgs: [33m0[39m | markdown len: [33m1[39m

[bAInder] Gemini assistant : NO &lt;table&gt; elements. Tags in response el: 

[bAInder] Gemini turn: assistant DIV | light imgs: [33m0[39m | markdown len: [33m1[39m

[bAInder] Gemini user : NO &lt;table&gt; elements. Tags in response el: 

[bAInder] Gemini turn: user DIV | light imgs: [33m0[39m | markdown len: [33m1[39m

            </system-out>
        </testcase>
        <testcase classname="tests/chat-extractor.test.js" name="extractGemini() &gt; does not duplicate user message when outer wrapper also matches [class*=&quot;user-query&quot;]" time="0.0156521">
            <system-out>
[bAInder] Gemini extraction: user elements=1 model elements=0

[bAInder] Gemini user : NO &lt;table&gt; elements. Tags in response el: div

[bAInder] Gemini turn: user DIV | light imgs: [33m0[39m | markdown len: [33m25[39m

            </system-out>
        </testcase>
        <testcase classname="tests/chat-extractor.test.js" name="extractGemini() &gt; does not duplicate assistant message when outer wrapper also matches [class*=&quot;model-response&quot;]" time="0.0295789">
            <system-out>
[bAInder] Gemini extraction: user elements=0 model elements=1

[bAInder] Gemini assistant : NO &lt;table&gt; elements. Tags in response el: div

[bAInder] Gemini turn: assistant DIV | light imgs: [33m0[39m | markdown len: [33m21[39m

            </system-out>
        </testcase>
        <testcase classname="tests/chat-extractor.test.js" name="extractGemini() &gt; skips a turn whose content is empty (if(content) FALSE branch)" time="0.0180767">
            <system-out>
[bAInder] Gemini extraction: user elements=0 model elements=1

[bAInder] Gemini assistant : NO &lt;table&gt; elements. Tags in response el: 

[bAInder] Gemini turn: assistant DIV | light imgs: [33m0[39m | markdown len: [33m0[39m

            </system-out>
        </testcase>
        <testcase classname="tests/chat-extractor.test.js" name="extractGemini() &gt; strips &quot;Gemini said&quot; heading from assistant content" time="0.0067107">
            <system-out>
[bAInder] Gemini extraction: user elements=0 model elements=1

[bAInder] Gemini assistant : NO &lt;table&gt; elements. Tags in response el: h2,p

[bAInder] Gemini turn: assistant DIV | light imgs: [33m0[39m | markdown len: [33m17[39m

            </system-out>
        </testcase>
        <testcase classname="tests/chat-extractor.test.js" name="extractGemini() &gt; strips &quot;You stopped this response&quot; text from assistant content" time="0.0086268">
            <system-out>
[bAInder] Gemini extraction: user elements=0 model elements=1

[bAInder] Gemini assistant : NO &lt;table&gt; elements. Tags in response el: p

[bAInder] Gemini turn: assistant DIV | light imgs: [33m0[39m | markdown len: [33m21[39m

            </system-out>
        </testcase>
        <testcase classname="tests/chat-extractor.test.js" name="extractGemini() &gt; skips a model-response element whose next sibling contains &quot;you stopped this response&quot;" time="0.003031">
            <system-out>
[bAInder] Gemini extraction: user elements=0 model elements=0

            </system-out>
        </testcase>
        <testcase classname="tests/chat-extractor.test.js" name="extractGemini() &gt; skips a model-response element when parent next sibling contains the stopped marker" time="0.0025555">
            <system-out>
[bAInder] Gemini extraction: user elements=0 model elements=0

            </system-out>
        </testcase>
        <testcase classname="tests/chat-extractor.test.js" name="extractGemini() &gt; skips a model-response element when parent has a sibling child with the stopped marker" time="0.0030638">
            <system-out>
[bAInder] Gemini extraction: user elements=0 model elements=0

            </system-out>
        </testcase>
        <testcase classname="tests/chat-extractor.test.js" name="extractGemini() &gt; appends cached audio markers to last assistant message" time="0.0105298">
            <system-out>
[bAInder] Gemini extraction: user elements=1 model elements=1

[bAInder] Gemini user : NO &lt;table&gt; elements. Tags in response el: 

[bAInder] Gemini turn: user DIV | light imgs: [33m0[39m | markdown len: [33m14[39m

[bAInder] Gemini assistant : NO &lt;table&gt; elements. Tags in response el: 

[bAInder] Gemini turn: assistant DIV | light imgs: [33m0[39m | markdown len: [33m18[39m
[bAInder] Gemini: interceptor cache hit, blob: blob:fake-url

            </system-out>
        </testcase>
        <testcase classname="tests/chat-extractor.test.js" name="extractGemini() &gt; creates a new assistant message for cached audio when no assistant exists" time="0.0056653">
            <system-out>
[bAInder] Gemini extraction: user elements=1 model elements=0

[bAInder] Gemini user : NO &lt;table&gt; elements. Tags in response el: 

[bAInder] Gemini turn: user DIV | light imgs: [33m0[39m | markdown len: [33m17[39m
[bAInder] Gemini: interceptor cache hit, blob: blob:fake-url-2

            </system-out>
        </testcase>
        <testcase classname="tests/chat-extractor.test.js" name="extractGemini() &gt; deduplicates cached audio with the same blob URL" time="0.0073188">
            <system-out>
[bAInder] Gemini extraction: user elements=0 model elements=1

[bAInder] Gemini assistant : NO &lt;table&gt; elements. Tags in response el: 

[bAInder] Gemini turn: assistant DIV | light imgs: [33m0[39m | markdown len: [33m7[39m
[bAInder] Gemini: interceptor cache hit, blob: blob:same-url

            </system-out>
        </testcase>
        <testcase classname="tests/chat-extractor.test.js" name="extractGemini() &gt; logs table debug info when assistant response contains a &lt;table&gt;" time="0.0077004">
            <system-out>
[bAInder] Gemini extraction: user elements=0 model elements=1

[bAInder] htmlToMarkdown: &lt;table&gt; hit, tr count: [33m2[39m
[bAInder] Gemini assistant : found [33m1[39m &lt;table&gt; element(s); markdown pipes: [33m6[39m

[bAInder] Gemini turn: assistant DIV | light imgs: [33m0[39m | markdown len: [33m27[39m

            </system-out>
        </testcase>
        <testcase classname="tests/chat-extractor.test.js" name="extractCopilot() &gt; throws when document is null" time="0.0050437">
        </testcase>
        <testcase classname="tests/chat-extractor.test.js" name="extractCopilot() &gt; returns empty messages when no elements found" time="0.0027313">
        </testcase>
        <testcase classname="tests/chat-extractor.test.js" name="extractCopilot() &gt; extracts a single user message via data-testid=&quot;user-message&quot;" time="0.0043678">
            <system-out>
[bAInder] [copilot] extracted msg [33m0[39m user | len: [33m13[39m | preview: &quot;Hello Copilot&quot;

            </system-out>
        </testcase>
        <testcase classname="tests/chat-extractor.test.js" name="extractCopilot() &gt; extracts a single assistant message via data-testid=&quot;copilot-message&quot;" time="0.0056961">
            <system-out>
[bAInder] [copilot] extracted msg [33m0[39m assistant | len: [33m9[39m | preview: &quot;Hi there!&quot;

            </system-out>
        </testcase>
        <testcase classname="tests/chat-extractor.test.js" name="extractCopilot() &gt; extracts multi-turn conversation in DOM order" time="0.0089845">
            <system-out>
[bAInder] [copilot] extracted msg [33m0[39m user | len: [33m19[39m | preview: &quot;What is TypeScript?&quot;

[bAInder] [copilot] extracted msg [33m1[39m assistant | len: [33m45[39m | preview: &quot;TypeScript is a typed superset of JavaScript.&quot;

[bAInder] [copilot] extracted msg [33m2[39m user | len: [33m19[39m | preview: &quot;Give me an example.&quot;

[bAInder] [copilot] extracted msg [33m3[39m assistant | len: [33m21[39m | preview: &quot;const x: number = 42;&quot;

            </system-out>
        </testcase>
        <testcase classname="tests/chat-extractor.test.js" name="extractCopilot() &gt; sets title from the first user message" time="0.0045138">
            <system-out>
[bAInder] [copilot] extracted msg [33m0[39m user | len: [33m19[39m | preview: &quot;Explain async/await&quot;

            </system-out>
        </testcase>
        <testcase classname="tests/chat-extractor.test.js" name="extractCopilot() &gt; uses fallback title when no user message present" time="0.0067022">
            <system-out>
[bAInder] [copilot] extracted msg [33m0[39m assistant | len: [33m6[39m | preview: &quot;Hello!&quot;

            </system-out>
        </testcase>
        <testcase classname="tests/chat-extractor.test.js" name="extractCopilot() &gt; returns messageCount equal to messages length" time="0.007176">
            <system-out>
[bAInder] [copilot] extracted msg [33m0[39m user | len: [33m2[39m | preview: &quot;Q1&quot;

[bAInder] [copilot] extracted msg [33m1[39m assistant | len: [33m2[39m | preview: &quot;A1&quot;

[bAInder] [copilot] extracted msg [33m2[39m user | len: [33m2[39m | preview: &quot;Q2&quot;

            </system-out>
        </testcase>
        <testcase classname="tests/chat-extractor.test.js" name="extractCopilot() &gt; matches user elements with .UserMessage class fallback" time="0.0029496">
            <system-out>
[bAInder] [copilot] extracted msg [33m0[39m user | len: [33m18[39m | preview: &quot;Via class fallback&quot;

            </system-out>
        </testcase>
        <testcase classname="tests/chat-extractor.test.js" name="extractCopilot() &gt; matches assistant elements with data-testid=&quot;assistant-message&quot; fallback" time="0.0062695">
            <system-out>
[bAInder] [copilot] extracted msg [33m0[39m assistant | len: [33m18[39m | preview: &quot;Fallback assistant&quot;

            </system-out>
        </testcase>
[...]
        </testcase>
        <testcase classname="tests/extractors/code-snippets.test.js" name="extractCodeSnippets() — diagram skip logic &gt; wrong-tag fence with flowchart body skipped" time="0.0005199">
        </testcase>
        <testcase classname="tests/extractors/code-snippets.test.js" name="extractCodeSnippets() — diagram skip logic &gt; prose diagram fence skipped (heading + 2 arrow lines)" time="0.0010532">
        </testcase>
        <testcase classname="tests/extractors/code-snippets.test.js" name="extractCodeSnippets() — diagram skip logic &gt; regular code block alongside a mermaid block — only regular block extracted" time="0.0007845">
        </testcase>
    </testsuite>
    <testsuite name="tests/extractors/diagrams.test.js" timestamp="2026-03-17T19:02:08.679Z" hostname="Kahana-PC" tests="24" failures="0" errors="0" skipped="0" time="0.0606696">
        <testcase classname="tests/extractors/diagrams.test.js" name="extractDiagrams() — fenced Mermaid blocks &gt; flowchart LR block → diagramType &quot;flowchart&quot;" time="0.0119873">
        </testcase>
        <testcase classname="tests/extractors/diagrams.test.js" name="extractDiagrams() — fenced Mermaid blocks &gt; sequenceDiagram block → diagramType &quot;sequence&quot;" time="0.0008284">
        </testcase>
        <testcase classname="tests/extractors/diagrams.test.js" name="extractDiagrams() — fenced Mermaid blocks &gt; graph TD block → diagramType &quot;flowchart&quot; (synonym)" time="0.0005835">
        </testcase>
        <testcase classname="tests/extractors/diagrams.test.js" name="extractDiagrams() — fenced Mermaid blocks &gt; unknown diagram keyword → diagramType &quot;other&quot;" time="0.0005358">
        </testcase>
        <testcase classname="tests/extractors/diagrams.test.js" name="extractDiagrams() — fenced Mermaid blocks &gt; erDiagram block → diagramType &quot;er&quot;" time="0.0005269">
        </testcase>
        <testcase classname="tests/extractors/diagrams.test.js" name="extractDiagrams() — fenced Mermaid blocks &gt; thumbnailSvg is null at extraction time (deferred)" time="0.0005649">
        </testcase>
        <testcase classname="tests/extractors/diagrams.test.js" name="extractDiagrams() — fenced Mermaid blocks &gt; source field contains the raw diagram text" time="0.0008444">
        </testcase>
        <testcase classname="tests/extractors/diagrams.test.js" name="extractDiagrams() — fenced Mermaid blocks &gt; user messages excluded" time="0.0005673">
        </testcase>
        <testcase classname="tests/extractors/diagrams.test.js" name="extractDiagrams() — fenced Mermaid blocks &gt; empty messages array returns empty result" time="0.0005283">
        </testcase>
        <testcase classname="tests/extractors/diagrams.test.js" name="extractDiagrams() — fenced Mermaid blocks &gt; chatId is stamped on the entity" time="0.0005507">
        </testcase>
        <testcase classname="tests/extractors/diagrams.test.js" name="extractDiagrams() — fenced Mermaid blocks &gt; multiple mermaid blocks → multiple entities" time="0.0007659">
        </testcase>
        <testcase classname="tests/extractors/diagrams.test.js" name="extractDiagrams() — DOM SVG strategy &gt; DOM strategy: &lt;svg&gt; inside .mermaid → thumbnailSvg populated" time="0.019394">
        </testcase>
        <testcase classname="tests/extractors/diagrams.test.js" name="extractDiagrams() — DOM SVG strategy &gt; DOM strategy: &lt;svg&gt; inside [data-diagram] → thumbnailSvg populated" time="0.0054036">
        </testcase>
        <testcase classname="tests/extractors/diagrams.test.js" name="extractDiagrams() — DOM SVG strategy &gt; null doc does not throw and returns only text results" time="0.0035307">
        </testcase>
        <testcase classname="tests/extractors/diagrams.test.js" name="extractDiagrams() — Strategy 3: non-mermaid fence with Mermaid keyword content &gt; plain code fence starting with sequenceDiagram → diagram entity" time="0.0018547">
        </testcase>
        <testcase classname="tests/extractors/diagrams.test.js" name="extractDiagrams() — Strategy 3: non-mermaid fence with Mermaid keyword content &gt; wrong language tag (e.g. &quot;diagram&quot;) with sequenceDiagram body → diagram entity" time="0.0015101">
        </testcase>
        <testcase classname="tests/extractors/diagrams.test.js" name="extractDiagrams() — Strategy 3: non-mermaid fence with Mermaid keyword content &gt; plain fence with flowchart body → diagramType &quot;flowchart&quot;" time="0.0007355">
        </testcase>
        <testcase classname="tests/extractors/diagrams.test.js" name="extractDiagrams() — Strategy 3: non-mermaid fence with Mermaid keyword content &gt; plain fence with erDiagram body → diagramType &quot;er&quot;" time="0.0004909">
        </testcase>
        <testcase classname="tests/extractors/diagrams.test.js" name="extractDiagrams() — Strategy 3: non-mermaid fence with Mermaid keyword content &gt; strategy 3 block not double-counted with strategy 1" time="0.0006305">
        </testcase>
        <testcase classname="tests/extractors/diagrams.test.js" name="extractDiagrams() — Strategy 3: non-mermaid fence with Mermaid keyword content &gt; typescript code block with regular TS code → NOT extracted as diagram" time="0.000574">
        </testcase>
        <testcase classname="tests/extractors/diagrams.test.js" name="extractDiagrams() — Strategy 4: prose diagram inside a code fence &gt; code fence with &quot;Sequence Diagram:&quot; heading + 2 arrow lines → diagram entity" time="0.0015087">
        </testcase>
        <testcase classname="tests/extractors/diagrams.test.js" name="extractDiagrams() — Strategy 4: prose diagram inside a code fence &gt; code fence with &quot;Flow Diagram:&quot; heading + 2 arrow lines → diagramType &quot;flowchart&quot;" time="0.0007937">
        </testcase>
        <testcase classname="tests/extractors/diagrams.test.js" name="extractDiagrams() — Strategy 4: prose diagram inside a code fence &gt; prose with &quot;diagram&quot; heading but only 1 arrow line → NOT extracted" time="0.0005188">
        </testcase>
        <testcase classname="tests/extractors/diagrams.test.js" name="extractDiagrams() — Strategy 4: prose diagram inside a code fence &gt; free prose (no code fence) with sequence diagram structure → NOT extracted" time="0.0004628">
        </testcase>
    </testsuite>
    <testsuite name="tests/extractors/images.test.js" timestamp="2026-03-17T19:02:08.703Z" hostname="Kahana-PC" tests="26" failures="0" errors="0" skipped="0" time="0.0692795">
        <testcase classname="tests/extractors/images.test.js" name="extractImages() — Markdown strategy &gt; message with ![alt](https://…) → 1 image entity" time="0.0107402">
        </testcase>
        <testcase classname="tests/extractors/images.test.js" name="extractImages() — Markdown strategy &gt; two Markdown images in one message → 2 entities" time="0.0008802">
        </testcase>
        <testcase classname="tests/extractors/images.test.js" name="extractImages() — Markdown strategy &gt; user messages are now included in Markdown scan (user-uploaded images)" time="0.0008078">
        </testcase>
        <testcase classname="tests/extractors/images.test.js" name="extractImages() — Markdown strategy &gt; empty messages array → empty result" time="0.0005001">
        </testcase>
        <testcase classname="tests/extractors/images.test.js" name="extractImages() — Markdown strategy &gt; thumbnailDataUri is null at extraction time" time="0.0005737">
        </testcase>
        <testcase classname="tests/extractors/images.test.js" name="extractImages() — Markdown strategy &gt; mimeType is guessed from URL extension" time="0.0005525">
        </testcase>
        <testcase classname="tests/extractors/images.test.js" name="extractImages() — Markdown strategy &gt; chatId is stamped onto each entity" time="0.0004192">
        </testcase>
        <testcase classname="tests/extractors/images.test.js" name="extractImages() — Markdown strategy &gt; messageIndex matches message index field" time="0.0004534">
        </testcase>
        <testcase classname="tests/extractors/images.test.js" name="extractImages() — Markdown strategy &gt; role is preserved from message for https:// src" time="0.0004126">
        </testcase>
        <testcase classname="tests/extractors/images.test.js" name="extractImages() — data: URI images (Copilot blob resolution) &gt; assistant message with data: URI → 1 entity with thumbnailDataUri set" time="0.0008614">
        </testcase>
        <testcase classname="tests/extractors/images.test.js" name="extractImages() — data: URI images (Copilot blob resolution) &gt; data: URI has mimeType extracted from the URI prefix" time="0.0004722">
        </testcase>
        <testcase classname="tests/extractors/images.test.js" name="extractImages() — data: URI images (Copilot blob resolution) &gt; user message with data: URI → extracted (user-attached images)" time="0.0006288">
        </testcase>
        <testcase classname="tests/extractors/images.test.js" name="extractImages() — data: URI images (Copilot blob resolution) &gt; oversize data: URI → thumbnailDataUri is null, oversize flag is true" time="0.009837">
        </testcase>
        <testcase classname="tests/extractors/images.test.js" name="extractImages() — data: URI images (Copilot blob resolution) &gt; Copilot markdown format with {width=W height=H} suffix → still matched" time="0.0006676">
        </testcase>
        <testcase classname="tests/extractors/images.test.js" name="extractImages() — data: URI images (Copilot blob resolution) &gt; same data: URI appearing twice in one message → deduplicated to 1 entity" time="0.0005732">
        </testcase>
        <testcase classname="tests/extractors/images.test.js" name="extractImages() — data: URI images (Copilot blob resolution) &gt; same https:// URL across two messages → deduplicated to 1 entity" time="0.0005374">
        </testcase>
        <testcase classname="tests/extractors/images.test.js" name="extractImages() — data: URI images (Copilot blob resolution) &gt; two distinct data: URIs in one message → 2 separate entities" time="0.0005041">
        </testcase>
        <testcase classname="tests/extractors/images.test.js" name="extractImages() — data: URI images (Copilot blob resolution) &gt; mixed message with https:// and data: URIs → both captured" time="0.0006889">
        </testcase>
        <testcase classname="tests/extractors/images.test.js" name="extractImages() — structured content.parts strategy &gt; part with type image_url and url → image entity" time="0.0006814">
        </testcase>
        <testcase classname="tests/extractors/images.test.js" name="extractImages() — structured content.parts strategy &gt; part with type image_file → image entity" time="0.0005794">
        </testcase>
        <testcase classname="tests/extractors/images.test.js" name="extractImages() — structured content.parts strategy &gt; structured strategy wins over Markdown when both present" time="0.0005361">
        </testcase>
        <testcase classname="tests/extractors/images.test.js" name="extractImages() — DOM strategy &gt; DOM &lt;img&gt; in assistant turn → captured" time="0.0172605">
        </testcase>
        <testcase classname="tests/extractors/images.test.js" name="extractImages() — DOM strategy &gt; small/decorative &lt;img&gt; (aria-hidden) → excluded" time="0.0081072">
        </testcase>
        <testcase classname="tests/extractors/images.test.js" name="extractImages() — DOM strategy &gt; tiny &lt;img&gt; (width &lt; 10) → excluded" time="0.0041625">
        </testcase>
        <testcase classname="tests/extractors/images.test.js" name="extractImages() — DOM strategy &gt; data:image large enough → stored with oversize flag when &gt; limit" time="0.001254">
        </testcase>
        <testcase classname="tests/extractors/images.test.js" name="extractImages() — DOM strategy &gt; doc null → DOM strategy is skipped, no throw" time="0.0023217">
        </testcase>
    </testsuite>
    <testsuite name="tests/extractors/prompts.test.js" timestamp="2026-03-17T19:02:08.725Z" hostname="Kahana-PC" tests="11" failures="0" errors="0" skipped="0" time="0.0154828">
        <testcase classname="tests/extractors/prompts.test.js" name="extractPrompts() &gt; 2 user turns from 4-message array → 2 prompt entities" time="0.0052755">
        </testcase>
        <testcase classname="tests/extractors/prompts.test.js" name="extractPrompts() &gt; entities have type &quot;prompt&quot;" time="0.0006287">
        </testcase>
        <testcase classname="tests/extractors/prompts.test.js" name="extractPrompts() &gt; entities have role &quot;user&quot;" time="0.000478">
        </testcase>
        <testcase classname="tests/extractors/prompts.test.js" name="extractPrompts() &gt; entities carry the correct text" time="0.0007167">
        </testcase>
        <testcase classname="tests/extractors/prompts.test.js" name="extractPrompts() &gt; wordCount is computed correctly" time="0.0007916">
        </testcase>
        <testcase classname="tests/extractors/prompts.test.js" name="extractPrompts() &gt; uses m.index for messageIndex when available" time="0.0007138">
        </testcase>
        <testcase classname="tests/extractors/prompts.test.js" name="extractPrompts() &gt; falls back to filtered-array position when m.index is absent" time="0.0006083">
        </testcase>
        <testcase classname="tests/extractors/prompts.test.js" name="extractPrompts() &gt; assistant turns are excluded" time="0.0005004">
        </testcase>
        <testcase classname="tests/extractors/prompts.test.js" name="extractPrompts() &gt; empty messages array returns empty result" time="0.001073">
        </testcase>
        <testcase classname="tests/extractors/prompts.test.js" name="extractPrompts() &gt; chatId is stamped on every entity" time="0.0006832">
        </testcase>
        <testcase classname="tests/extractors/prompts.test.js" name="extractPrompts() &gt; entities have a unique non-empty id" time="0.0007306">
        </testcase>
    </testsuite>
    <testsuite name="tests/extractors/tables.test.js" timestamp="2026-03-17T19:02:08.734Z" hostname="Kahana-PC" tests="10" failures="0" errors="0" skipped="0" time="0.022099">
        <testcase classname="tests/extractors/tables.test.js" name="extractTables() &gt; 3-column, 4-row table → 1 entity with correct headers and rows" time="0.0092029">
        </testcase>
        <testcase classname="tests/extractors/tables.test.js" name="extractTables() &gt; two separate tables in one message → 2 entities" time="0.0009488">
        </testcase>
        <testcase classname="tests/extractors/tables.test.js" name="extractTables() &gt; text with | characters but no valid separator row → no entity" time="0.0004763">
        </testcase>
        <testcase classname="tests/extractors/tables.test.js" name="extractTables() &gt; table with trailing pipe on header is parsed correctly" time="0.0028872">
        </testcase>
        <testcase classname="tests/extractors/tables.test.js" name="extractTables() &gt; user messages are excluded" time="0.0009072">
        </testcase>
        <testcase classname="tests/extractors/tables.test.js" name="extractTables() &gt; model role is treated as assistant" time="0.0009308">
        </testcase>
        <testcase classname="tests/extractors/tables.test.js" name="extractTables() &gt; empty messages array returns empty result" time="0.0006865">
        </testcase>
        <testcase classname="tests/extractors/tables.test.js" name="extractTables() &gt; entity type is &quot;table&quot;" time="0.0006507">
        </testcase>
        <testcase classname="tests/extractors/tables.test.js" name="extractTables() &gt; chatId is stamped on each entity" time="0.0007622">
        </testcase>
        <testcase classname="tests/extractors/tables.test.js" name="extractTables() &gt; uses m.index for messageIndex when available" time="0.0005976">
        </testcase>
    </testsuite>
    <testsuite name="tests/extractors/tool-calls.test.js" timestamp="2026-03-17T19:02:08.744Z" hostname="Kahana-PC" tests="16" failures="0" errors="0" skipped="0" time="0.0278108">
        <testcase classname="tests/extractors/tool-calls.test.js" name="extractToolCalls() — structured: role &quot;tool&quot; &gt; message with role &quot;tool&quot; → entity with input/output populated" time="0.0099685">
        </testcase>
        <testcase classname="tests/extractors/tool-calls.test.js" name="extractToolCalls() — structured: role &quot;tool&quot; &gt; role &quot;tool&quot; without a name → tool &quot;unknown&quot;" time="0.0008523">
        </testcase>
        <testcase classname="tests/extractors/tool-calls.test.js" name="extractToolCalls() — structured: role &quot;tool&quot; &gt; chatId is stamped on each entity" time="0.0005029">
        </testcase>
        <testcase classname="tests/extractors/tool-calls.test.js" name="extractToolCalls() — structured: role &quot;tool&quot; &gt; messageIndex is taken from message.index" time="0.0004906">
        </testcase>
        <testcase classname="tests/extractors/tool-calls.test.js" name="extractToolCalls() — structured: type &quot;tool_use&quot; &gt; message with type &quot;tool_use&quot; and name &quot;web_search&quot; → entity with tool &quot;web_search&quot;" time="0.0008163">
        </testcase>
        <testcase classname="tests/extractors/tool-calls.test.js" name="extractToolCalls() — structured: type &quot;tool_use&quot; &gt; type &quot;tool_use&quot; with code interpreter name → tool &quot;code_interpreter&quot;" time="0.0005606">
        </testcase>
        <testcase classname="tests/extractors/tool-calls.test.js" name="extractToolCalls() — structured: type &quot;tool_result&quot; &gt; message with type &quot;tool_result&quot; → entity with output populated" time="0.0007062">
        </testcase>
        <testcase classname="tests/extractors/tool-calls.test.js" name="extractToolCalls() — output truncation &gt; output longer than 10 000 chars is truncated" time="0.0008164">
        </testcase>
        <testcase classname="tests/extractors/tool-calls.test.js" name="extractToolCalls() — output truncation &gt; output exactly 10 000 chars is NOT truncated" time="0.0005225">
        </testcase>
        <testcase classname="tests/extractors/tool-calls.test.js" name="extractToolCalls() — no tool messages &gt; regular user+assistant messages → empty result" time="0.002047">
        </testcase>
        <testcase classname="tests/extractors/tool-calls.test.js" name="extractToolCalls() — no tool messages &gt; empty messages array → empty result" time="0.0004601">
        </testcase>
        <testcase classname="tests/extractors/tool-calls.test.js" name="extractToolCalls() — heuristic prose scan &gt; &quot;Web search:&quot; prose pattern → entity with tool &quot;web_search&quot;" time="0.0018775">
        </testcase>
        <testcase classname="tests/extractors/tool-calls.test.js" name="extractToolCalls() — heuristic prose scan &gt; &quot;Ran code:&quot; prose pattern → entity with tool &quot;code_interpreter&quot;" time="0.0006824">
        </testcase>
        <testcase classname="tests/extractors/tool-calls.test.js" name="extractToolCalls() — heuristic prose scan &gt; doc being null does not throw during prose scan" time="0.002156">
        </testcase>
        <testcase classname="tests/extractors/tool-calls.test.js" name="extractToolCalls() — tool name normalisation &gt; &quot;python&quot; maps to &quot;code_interpreter&quot;" time="0.0005522">
        </testcase>
        <testcase classname="tests/extractors/tool-calls.test.js" name="extractToolCalls() — tool name normalisation &gt; &quot;browser&quot; maps to &quot;browser&quot;" time="0.0004535">
        </testcase>
    </testsuite>
</testsuites>
